# JRE version: Java(TM) SE Runtime Environment (8.0_131-b11) (build 1.8.0_131-b11)
# Java VM: Java HotSpot(TM) Server VM (25.131-b11 mixed mode linux-x86 )
Heap:
 par new generation   total 59008K, used 26207K [0x86e00000, 0x8ae00000, 0x8ae00000)
  eden space 52480K,  37% used [0x86e00000, 0x88137e38, 0x8a140000)
  from space 6528K, 100% used [0x8a140000, 0x8a7a0000, 0x8a7a0000)
  to   space 6528K,   0% used [0x8a7a0000, 0x8a7a0000, 0x8ae00000)
 concurrent mark-sweep generation total 189012K, used 152162K [0x8ae00000, 0x96695000, 0xa6e00000)
 Metaspace       used 24790K, capacity 24990K, committed 25112K, reserved 25904K
GC Heap History (10 events):
Event: 114.685 GC heap before
{Heap before GC invocations=145 (full 17):
 par new generation   total 59008K, used 59008K [0x86e00000, 0x8ae00000, 0x8ae00000)
  eden space 52480K, 100% used [0x86e00000, 0x8a140000, 0x8a140000)
  from space 6528K, 100% used [0x8a7a0000, 0x8ae00000, 0x8ae00000)
  to   space 6528K,   0% used [0x8a140000, 0x8a140000, 0x8a7a0000)
 concurrent mark-sweep generation total 189012K, used 145166K [0x8ae00000, 0x96695000, 0xa6e00000)
 Metaspace       used 24736K, capacity 24958K, committed 25112K, reserved 25904K
Event: 114.706 GC heap after
Heap after GC invocations=146 (full 17):
 par new generation   total 59008K, used 6528K [0x86e00000, 0x8ae00000, 0x8ae00000)
  eden space 52480K,   0% used [0x86e00000, 0x86e00000, 0x8a140000)
  from space 6528K, 100% used [0x8a140000, 0x8a7a0000, 0x8a7a0000)
  to   space 6528K,   0% used [0x8a7a0000, 0x8a7a0000, 0x8ae00000)
 concurrent mark-sweep generation total 189012K, used 146984K [0x8ae00000, 0x96695000, 0xa6e00000)
 Metaspace       used 24736K, capacity 24958K, committed 25112K, reserved 25904K
}
Event: 115.829 GC heap before
{Heap before GC invocations=146 (full 17):
 par new generation   total 59008K, used 59008K [0x86e00000, 0x8ae00000, 0x8ae00000)
  eden space 52480K, 100% used [0x86e00000, 0x8a140000, 0x8a140000)
  from space 6528K, 100% used [0x8a140000, 0x8a7a0000, 0x8a7a0000)
  to   space 6528K,   0% used [0x8a7a0000, 0x8a7a0000, 0x8ae00000)
 concurrent mark-sweep generation total 189012K, used 146984K [0x8ae00000, 0x96695000, 0xa6e00000)
 Metaspace       used 24746K, capacity 24958K, committed 25112K, reserved 25904K
Event: 115.861 GC heap after
Heap after GC invocations=147 (full 17):
 par new generation   total 59008K, used 6496K [0x86e00000, 0x8ae00000, 0x8ae00000)
  eden space 52480K,   0% used [0x86e00000, 0x86e00000, 0x8a140000)
  from space 6528K,  99% used [0x8a7a0000, 0x8adf8068, 0x8ae00000)
  to   space 6528K,   0% used [0x8a140000, 0x8a140000, 0x8a7a0000)
 concurrent mark-sweep generation total 189012K, used 146986K [0x8ae00000, 0x96695000, 0xa6e00000)
 Metaspace       used 24746K, capacity 24958K, committed 25112K, reserved 25904K
}
Event: 116.518 GC heap before
{Heap before GC invocations=147 (full 18):
 par new generation   total 59008K, used 58976K [0x86e00000, 0x8ae00000, 0x8ae00000)
  eden space 52480K, 100% used [0x86e00000, 0x8a140000, 0x8a140000)
  from space 6528K,  99% used [0x8a7a0000, 0x8adf8068, 0x8ae00000)
  to   space 6528K,   0% used [0x8a140000, 0x8a140000, 0x8a7a0000)
 concurrent mark-sweep generation total 189012K, used 146986K [0x8ae00000, 0x96695000, 0xa6e00000)
 Metaspace       used 24747K, capacity 24958K, committed 25112K, reserved 25904K
Event: 116.565 GC heap after
Heap after GC invocations=148 (full 18):
 par new generation   total 59008K, used 6528K [0x86e00000, 0x8ae00000, 0x8ae00000)
  eden space 52480K,   0% used [0x86e00000, 0x86e00000, 0x8a140000)
  from space 6528K, 100% used [0x8a140000, 0x8a7a0000, 0x8a7a0000)
  to   space 6528K,   0% used [0x8a7a0000, 0x8a7a0000, 0x8ae00000)
 concurrent mark-sweep generation total 189012K, used 149135K [0x8ae00000, 0x96695000, 0xa6e00000)
 Metaspace       used 24747K, capacity 24958K, committed 25112K, reserved 25904K
}
Event: 117.040 GC heap before
{Heap before GC invocations=148 (full 18):
 par new generation   total 59008K, used 59008K [0x86e00000, 0x8ae00000, 0x8ae00000)
  eden space 52480K, 100% used [0x86e00000, 0x8a140000, 0x8a140000)
  from space 6528K, 100% used [0x8a140000, 0x8a7a0000, 0x8a7a0000)
  to   space 6528K,   0% used [0x8a7a0000, 0x8a7a0000, 0x8ae00000)
 concurrent mark-sweep generation total 189012K, used 149135K [0x8ae00000, 0x96695000, 0xa6e00000)
 Metaspace       used 24747K, capacity 24958K, committed 25112K, reserved 25904K
Event: 117.210 GC heap after
Heap after GC invocations=149 (full 18):
 par new generation   total 59008K, used 6528K [0x86e00000, 0x8ae00000, 0x8ae00000)
  eden space 52480K,   0% used [0x86e00000, 0x86e00000, 0x8a140000)
  from space 6528K, 100% used [0x8a7a0000, 0x8ae00000, 0x8ae00000)
  to   space 6528K,   0% used [0x8a140000, 0x8a140000, 0x8a7a0000)
 concurrent mark-sweep generation total 189012K, used 150438K [0x8ae00000, 0x96695000, 0xa6e00000)
 Metaspace       used 24747K, capacity 24958K, committed 25112K, reserved 25904K
}
Event: 159.644 GC heap before
{Heap before GC invocations=149 (full 18):
 par new generation   total 59008K, used 59008K [0x86e00000, 0x8ae00000, 0x8ae00000)
  eden space 52480K, 100% used [0x86e00000, 0x8a140000, 0x8a140000)
  from space 6528K, 100% used [0x8a7a0000, 0x8ae00000, 0x8ae00000)
  to   space 6528K,   0% used [0x8a140000, 0x8a140000, 0x8a7a0000)
 concurrent mark-sweep generation total 189012K, used 150438K [0x8ae00000, 0x96695000, 0xa6e00000)
 Metaspace       used 24749K, capacity 24958K, committed 25112K, reserved 25904K
Event: 159.856 GC heap after
Heap after GC invocations=150 (full 18):
 par new generation   total 59008K, used 6528K [0x86e00000, 0x8ae00000, 0x8ae00000)
  eden space 52480K,   0% used [0x86e00000, 0x86e00000, 0x8a140000)
  from space 6528K, 100% used [0x8a140000, 0x8a7a0000, 0x8a7a0000)
  to   space 6528K,   0% used [0x8a7a0000, 0x8a7a0000, 0x8ae00000)
 concurrent mark-sweep generation total 189012K, used 152162K [0x8ae00000, 0x96695000, 0xa6e00000)
 Metaspace       used 24749K, capacity 24958K, committed 25112K, reserved 25904K
}

