# JRE version: Java(TM) SE Runtime Environment (8.0_131-b11) (build 1.8.0_131-b11)
# Java VM: Java HotSpot(TM) Server VM (25.131-b11 mixed mode linux-x86 )
Heap:
 par new generation   total 59008K, used 32686K [0x86e00000, 0x8ae00000, 0x8ae00000)
  eden space 52480K,  49% used [0x86e00000, 0x8878b860, 0x8a140000)
  from space 6528K, 100% used [0x8a7a0000, 0x8ae00000, 0x8ae00000)
  to   space 6528K,   0% used [0x8a140000, 0x8a140000, 0x8a7a0000)
 concurrent mark-sweep generation total 177856K, used 128613K [0x8ae00000, 0x95bb0000, 0xa6e00000)
 Metaspace       used 24149K, capacity 24350K, committed 24472K, reserved 24880K
GC Heap History (10 events):
Event: 599.392 GC heap before
{Heap before GC invocations=38 (full 13):
 par new generation   total 59008K, used 59008K [0x86e00000, 0x8ae00000, 0x8ae00000)
  eden space 52480K, 100% used [0x86e00000, 0x8a140000, 0x8a140000)
  from space 6528K, 100% used [0x8a140000, 0x8a7a0000, 0x8a7a0000)
  to   space 6528K,   0% used [0x8a7a0000, 0x8a7a0000, 0x8ae00000)
 concurrent mark-sweep generation total 177856K, used 111500K [0x8ae00000, 0x95bb0000, 0xa6e00000)
 Metaspace       used 24087K, capacity 24286K, committed 24344K, reserved 24880K
Event: 599.400 GC heap after
Heap after GC invocations=39 (full 13):
 par new generation   total 59008K, used 6528K [0x86e00000, 0x8ae00000, 0x8ae00000)
  eden space 52480K,   0% used [0x86e00000, 0x86e00000, 0x8a140000)
  from space 6528K, 100% used [0x8a7a0000, 0x8ae00000, 0x8ae00000)
  to   space 6528K,   0% used [0x8a140000, 0x8a140000, 0x8a7a0000)
 concurrent mark-sweep generation total 177856K, used 111575K [0x8ae00000, 0x95bb0000, 0xa6e00000)
 Metaspace       used 24087K, capacity 24286K, committed 24344K, reserved 24880K
}
Event: 599.622 GC heap before
{Heap before GC invocations=39 (full 13):
 par new generation   total 59008K, used 59008K [0x86e00000, 0x8ae00000, 0x8ae00000)
  eden space 52480K, 100% used [0x86e00000, 0x8a140000, 0x8a140000)
  from space 6528K, 100% used [0x8a7a0000, 0x8ae00000, 0x8ae00000)
  to   space 6528K,   0% used [0x8a140000, 0x8a140000, 0x8a7a0000)
 concurrent mark-sweep generation total 177856K, used 112230K [0x8ae00000, 0x95bb0000, 0xa6e00000)
 Metaspace       used 24099K, capacity 24318K, committed 24472K, reserved 24880K
Event: 599.644 GC heap after
Heap after GC invocations=40 (full 13):
 par new generation   total 59008K, used 6528K [0x86e00000, 0x8ae00000, 0x8ae00000)
  eden space 52480K,   0% used [0x86e00000, 0x86e00000, 0x8a140000)
  from space 6528K, 100% used [0x8a140000, 0x8a7a0000, 0x8a7a0000)
  to   space 6528K,   0% used [0x8a7a0000, 0x8a7a0000, 0x8ae00000)
 concurrent mark-sweep generation total 177856K, used 115838K [0x8ae00000, 0x95bb0000, 0xa6e00000)
 Metaspace       used 24099K, capacity 24318K, committed 24472K, reserved 24880K
}
Event: 599.662 GC heap before
{Heap before GC invocations=40 (full 13):
 par new generation   total 59008K, used 14261K [0x86e00000, 0x8ae00000, 0x8ae00000)
  eden space 52480K,  14% used [0x86e00000, 0x8758d4c0, 0x8a140000)
  from space 6528K, 100% used [0x8a140000, 0x8a7a0000, 0x8a7a0000)
  to   space 6528K,   0% used [0x8a7a0000, 0x8a7a0000, 0x8ae00000)
 concurrent mark-sweep generation total 177856K, used 115838K [0x8ae00000, 0x95bb0000, 0xa6e00000)
 Metaspace       used 24099K, capacity 24318K, committed 24472K, reserved 24880K
Event: 599.706 GC heap after
Heap after GC invocations=41 (full 13):
 par new generation   total 59008K, used 6492K [0x86e00000, 0x8ae00000, 0x8ae00000)
  eden space 52480K,   0% used [0x86e00000, 0x86e00000, 0x8a140000)
  from space 6528K,  99% used [0x8a7a0000, 0x8adf7098, 0x8ae00000)
  to   space 6528K,   0% used [0x8a140000, 0x8a140000, 0x8a7a0000)
 concurrent mark-sweep generation total 177856K, used 121596K [0x8ae00000, 0x95bb0000, 0xa6e00000)
 Metaspace       used 24099K, capacity 24318K, committed 24472K, reserved 24880K
}
Event: 600.061 GC heap before
{Heap before GC invocations=41 (full 13):
 par new generation   total 59008K, used 58972K [0x86e00000, 0x8ae00000, 0x8ae00000)
  eden space 52480K, 100% used [0x86e00000, 0x8a140000, 0x8a140000)
  from space 6528K,  99% used [0x8a7a0000, 0x8adf7098, 0x8ae00000)
  to   space 6528K,   0% used [0x8a140000, 0x8a140000, 0x8a7a0000)
 concurrent mark-sweep generation total 177856K, used 121373K [0x8ae00000, 0x95bb0000, 0xa6e00000)
 Metaspace       used 24125K, capacity 24350K, committed 24472K, reserved 24880K
Event: 600.083 GC heap after
Heap after GC invocations=42 (full 13):
 par new generation   total 59008K, used 6528K [0x86e00000, 0x8ae00000, 0x8ae00000)
  eden space 52480K,   0% used [0x86e00000, 0x86e00000, 0x8a140000)
  from space 6528K, 100% used [0x8a140000, 0x8a7a0000, 0x8a7a0000)
  to   space 6528K,   0% used [0x8a7a0000, 0x8a7a0000, 0x8ae00000)
 concurrent mark-sweep generation total 177856K, used 127032K [0x8ae00000, 0x95bb0000, 0xa6e00000)
 Metaspace       used 24125K, capacity 24350K, committed 24472K, reserved 24880K
}
Event: 600.342 GC heap before
{Heap before GC invocations=42 (full 13):
 par new generation   total 59008K, used 59008K [0x86e00000, 0x8ae00000, 0x8ae00000)
  eden space 52480K, 100% used [0x86e00000, 0x8a140000, 0x8a140000)
  from space 6528K, 100% used [0x8a140000, 0x8a7a0000, 0x8a7a0000)
  to   space 6528K,   0% used [0x8a7a0000, 0x8a7a0000, 0x8ae00000)
 concurrent mark-sweep generation total 177856K, used 121959K [0x8ae00000, 0x95bb0000, 0xa6e00000)
 Metaspace       used 24136K, capacity 24350K, committed 24472K, reserved 24880K
Event: 600.382 GC heap after
Heap after GC invocations=43 (full 13):
 par new generation   total 59008K, used 6528K [0x86e00000, 0x8ae00000, 0x8ae00000)
  eden space 52480K,   0% used [0x86e00000, 0x86e00000, 0x8a140000)
  from space 6528K, 100% used [0x8a7a0000, 0x8ae00000, 0x8ae00000)
  to   space 6528K,   0% used [0x8a140000, 0x8a140000, 0x8a7a0000)
 concurrent mark-sweep generation total 177856K, used 128613K [0x8ae00000, 0x95bb0000, 0xa6e00000)
 Metaspace       used 24136K, capacity 24350K, committed 24472K, reserved 24880K
}

