# JRE version: Java(TM) SE Runtime Environment (8.0_131-b11) (build 1.8.0_131-b11)
# Java VM: Java HotSpot(TM) Client VM (25.131-b11 mixed mode linux-x86 )
Heap:
 par new generation   total 59008K, used 37751K [0x94600000, 0x98600000, 0x98600000)
  eden space 52480K,  59% used [0x94600000, 0x9647de48, 0x97940000)
  from space 6528K, 100% used [0x97940000, 0x97fa0000, 0x97fa0000)
  to   space 6528K,   0% used [0x97fa0000, 0x97fa0000, 0x98600000)
 concurrent mark-sweep generation total 245548K, used 160635K [0x98600000, 0xa75cb000, 0xb4600000)
 Metaspace       used 23717K, capacity 24017K, committed 24088K, reserved 24880K
GC Heap History (10 events):
Event: 1097.307 GC heap before
{Heap before GC invocations=697 (full 28):
 par new generation   total 59008K, used 58882K [0x94600000, 0x98600000, 0x98600000)
  eden space 52480K, 100% used [0x94600000, 0x97940000, 0x97940000)
  from space 6528K,  98% used [0x97fa0000, 0x985e0908, 0x98600000)
  to   space 6528K,   0% used [0x97940000, 0x97940000, 0x97fa0000)
 concurrent mark-sweep generation total 245548K, used 196756K [0x98600000, 0xa75cb000, 0xb4600000)
 Metaspace       used 23716K, capacity 23985K, committed 24088K, reserved 24880K
Event: 1097.315 GC heap after
Heap after GC invocations=698 (full 28):
 par new generation   total 59008K, used 6370K [0x94600000, 0x98600000, 0x98600000)
  eden space 52480K,   0% used [0x94600000, 0x94600000, 0x97940000)
  from space 6528K,  97% used [0x97940000, 0x97f78b60, 0x97fa0000)
  to   space 6528K,   0% used [0x97fa0000, 0x97fa0000, 0x98600000)
 concurrent mark-sweep generation total 245548K, used 196757K [0x98600000, 0xa75cb000, 0xb4600000)
 Metaspace       used 23716K, capacity 23985K, committed 24088K, reserved 24880K
}
Event: 1098.717 GC heap before
{Heap before GC invocations=698 (full 28):
 par new generation   total 59008K, used 58850K [0x94600000, 0x98600000, 0x98600000)
  eden space 52480K, 100% used [0x94600000, 0x97940000, 0x97940000)
  from space 6528K,  97% used [0x97940000, 0x97f78b60, 0x97fa0000)
  to   space 6528K,   0% used [0x97fa0000, 0x97fa0000, 0x98600000)
 concurrent mark-sweep generation total 245548K, used 196757K [0x98600000, 0xa75cb000, 0xb4600000)
 Metaspace       used 23716K, capacity 23985K, committed 24088K, reserved 24880K
Event: 1098.762 GC heap after
Heap after GC invocations=699 (full 28):
 par new generation   total 59008K, used 6528K [0x94600000, 0x98600000, 0x98600000)
  eden space 52480K,   0% used [0x94600000, 0x94600000, 0x97940000)
  from space 6528K, 100% used [0x97fa0000, 0x98600000, 0x98600000)
  to   space 6528K,   0% used [0x97940000, 0x97940000, 0x97fa0000)
 concurrent mark-sweep generation total 245548K, used 205078K [0x98600000, 0xa75cb000, 0xb4600000)
 Metaspace       used 23716K, capacity 23985K, committed 24088K, reserved 24880K
}
Event: 1099.985 GC heap before
{Heap before GC invocations=699 (full 28):
 par new generation   total 59008K, used 59008K [0x94600000, 0x98600000, 0x98600000)
  eden space 52480K, 100% used [0x94600000, 0x97940000, 0x97940000)
  from space 6528K, 100% used [0x97fa0000, 0x98600000, 0x98600000)
  to   space 6528K,   0% used [0x97940000, 0x97940000, 0x97fa0000)
 concurrent mark-sweep generation total 245548K, used 205078K [0x98600000, 0xa75cb000, 0xb4600000)
 Metaspace       used 23716K, capacity 23985K, committed 24088K, reserved 24880K
Event: 1100.027 GC heap after
Heap after GC invocations=700 (full 28):
 par new generation   total 59008K, used 6528K [0x94600000, 0x98600000, 0x98600000)
  eden space 52480K,   0% used [0x94600000, 0x94600000, 0x97940000)
  from space 6528K, 100% used [0x97940000, 0x97fa0000, 0x97fa0000)
  to   space 6528K,   0% used [0x97fa0000, 0x97fa0000, 0x98600000)
 concurrent mark-sweep generation total 245548K, used 215530K [0x98600000, 0xa75cb000, 0xb4600000)
 Metaspace       used 23716K, capacity 23985K, committed 24088K, reserved 24880K
}
Event: 1101.561 GC heap before
{Heap before GC invocations=700 (full 29):
 par new generation   total 59008K, used 59008K [0x94600000, 0x98600000, 0x98600000)
  eden space 52480K, 100% used [0x94600000, 0x97940000, 0x97940000)
  from space 6528K, 100% used [0x97940000, 0x97fa0000, 0x97fa0000)
  to   space 6528K,   0% used [0x97fa0000, 0x97fa0000, 0x98600000)
 concurrent mark-sweep generation total 245548K, used 215530K [0x98600000, 0xa75cb000, 0xb4600000)
 Metaspace       used 23717K, capacity 23985K, committed 24088K, reserved 24880K
Event: 1101.597 GC heap after
Heap after GC invocations=701 (full 29):
 par new generation   total 59008K, used 6528K [0x94600000, 0x98600000, 0x98600000)
  eden space 52480K,   0% used [0x94600000, 0x94600000, 0x97940000)
  from space 6528K, 100% used [0x97fa0000, 0x98600000, 0x98600000)
  to   space 6528K,   0% used [0x97940000, 0x97940000, 0x97fa0000)
 concurrent mark-sweep generation total 245548K, used 221372K [0x98600000, 0xa75cb000, 0xb4600000)
 Metaspace       used 23717K, capacity 23985K, committed 24088K, reserved 24880K
}
Event: 1104.873 GC heap before
{Heap before GC invocations=701 (full 29):
 par new generation   total 59008K, used 59008K [0x94600000, 0x98600000, 0x98600000)
  eden space 52480K, 100% used [0x94600000, 0x97940000, 0x97940000)
  from space 6528K, 100% used [0x97fa0000, 0x98600000, 0x98600000)
  to   space 6528K,   0% used [0x97940000, 0x97940000, 0x97fa0000)
 concurrent mark-sweep generation total 245548K, used 201531K [0x98600000, 0xa75cb000, 0xb4600000)
 Metaspace       used 23717K, capacity 24017K, committed 24088K, reserved 24880K
Event: 1104.904 GC heap after
Heap after GC invocations=702 (full 29):
 par new generation   total 59008K, used 6528K [0x94600000, 0x98600000, 0x98600000)
  eden space 52480K,   0% used [0x94600000, 0x94600000, 0x97940000)
  from space 6528K, 100% used [0x97940000, 0x97fa0000, 0x97fa0000)
  to   space 6528K,   0% used [0x97fa0000, 0x97fa0000, 0x98600000)
 concurrent mark-sweep generation total 245548K, used 207386K [0x98600000, 0xa75cb000, 0xb4600000)
 Metaspace       used 23717K, capacity 24017K, committed 24088K, reserved 24880K
}

