# JRE version: Java(TM) SE Runtime Environment (8.0_131-b11) (build 1.8.0_131-b11)
# Java VM: Java HotSpot(TM) Client VM (25.131-b11 mixed mode linux-x86 )
Heap:
 def new generation   total 71424K, used 0K [0x94600000, 0x99370000, 0x9f0a0000)
  eden space 63552K,   0% used [0x94600000, 0x94600000, 0x98410000)
  from space 7872K,   0% used [0x98bc0000, 0x98bc0000, 0x99370000)
  to   space 7872K,   0% used [0x98410000, 0x98410000, 0x98bc0000)
 tenured generation   total 159340K, used 141676K [0x9f0a0000, 0xa8c3b000, 0xb4600000)
   the space 159340K,  88% used [0x9f0a0000, 0xa7afb2c0, 0xa7afb400, 0xa8c3b000)
 Metaspace       used 23414K, capacity 23670K, committed 23808K, reserved 23856K
GC Heap History (10 events):
Event: 115.010 GC heap after
Heap after GC invocations=60 (full 2):
 def new generation   total 71424K, used 2320K [0x94600000, 0x99370000, 0x9f0a0000)
  eden space 63552K,   0% used [0x94600000, 0x94600000, 0x98410000)
  from space 7872K,  29% used [0x98410000, 0x98654230, 0x98bc0000)
  to   space 7872K,   0% used [0x98bc0000, 0x98bc0000, 0x99370000)
 tenured generation   total 158444K, used 136780K [0x9f0a0000, 0xa8b5b000, 0xb4600000)
   the space 158444K,  86% used [0x9f0a0000, 0xa7633088, 0xa7633200, 0xa8b5b000)
 Metaspace       used 22461K, capacity 22739K, committed 22784K, reserved 22832K
}
Event: 126.049 GC heap before
{Heap before GC invocations=60 (full 2):
 def new generation   total 71424K, used 65872K [0x94600000, 0x99370000, 0x9f0a0000)
  eden space 63552K, 100% used [0x94600000, 0x98410000, 0x98410000)
  from space 7872K,  29% used [0x98410000, 0x98654230, 0x98bc0000)
  to   space 7872K,   0% used [0x98bc0000, 0x98bc0000, 0x99370000)
 tenured generation   total 158444K, used 136780K [0x9f0a0000, 0xa8b5b000, 0xb4600000)
   the space 158444K,  86% used [0x9f0a0000, 0xa7633088, 0xa7633200, 0xa8b5b000)
 Metaspace       used 23069K, capacity 23347K, committed 23424K, reserved 23856K
Event: 126.058 GC heap after
Heap after GC invocations=61 (full 2):
 def new generation   total 71424K, used 3329K [0x94600000, 0x99370000, 0x9f0a0000)
  eden space 63552K,   0% used [0x94600000, 0x94600000, 0x98410000)
  from space 7872K,  42% used [0x98bc0000, 0x98f00700, 0x99370000)
  to   space 7872K,   0% used [0x98410000, 0x98410000, 0x98bc0000)
 tenured generation   total 158444K, used 136780K [0x9f0a0000, 0xa8b5b000, 0xb4600000)
   the space 158444K,  86% used [0x9f0a0000, 0xa7633088, 0xa7633200, 0xa8b5b000)
 Metaspace       used 23069K, capacity 23347K, committed 23424K, reserved 23856K
}
Event: 126.884 GC heap before
{Heap before GC invocations=61 (full 2):
 def new generation   total 71424K, used 70016K [0x94600000, 0x99370000, 0x9f0a0000)
  eden space 63552K, 100% used [0x94600000, 0x98410000, 0x98410000)
  from space 7872K,  82% used [0x98bc0000, 0x99210210, 0x99370000)
  to   space 7872K,   0% used [0x98410000, 0x98410000, 0x98bc0000)
 tenured generation   total 158444K, used 136780K [0x9f0a0000, 0xa8b5b000, 0xb4600000)
   the space 158444K,  86% used [0x9f0a0000, 0xa7633088, 0xa7633200, 0xa8b5b000)
 Metaspace       used 23363K, capacity 23638K, committed 23680K, reserved 23856K
Event: 126.902 GC heap after
Heap after GC invocations=62 (full 2):
 def new generation   total 71424K, used 7872K [0x94600000, 0x99370000, 0x9f0a0000)
  eden space 63552K,   0% used [0x94600000, 0x94600000, 0x98410000)
  from space 7872K, 100% used [0x98410000, 0x98bc0000, 0x98bc0000)
  to   space 7872K,   0% used [0x98bc0000, 0x98bc0000, 0x99370000)
 tenured generation   total 158444K, used 141426K [0x9f0a0000, 0xa8b5b000, 0xb4600000)
   the space 158444K,  89% used [0x9f0a0000, 0xa7abc970, 0xa7abca00, 0xa8b5b000)
 Metaspace       used 23363K, capacity 23638K, committed 23680K, reserved 23856K
}
Event: 127.245 GC heap before
{Heap before GC invocations=62 (full 2):
 def new generation   total 71424K, used 71424K [0x94600000, 0x99370000, 0x9f0a0000)
  eden space 63552K, 100% used [0x94600000, 0x98410000, 0x98410000)
  from space 7872K, 100% used [0x98410000, 0x98bc0000, 0x98bc0000)
  to   space 7872K,   0% used [0x98bc0000, 0x98bc0000, 0x99370000)
 tenured generation   total 158444K, used 141430K [0x9f0a0000, 0xa8b5b000, 0xb4600000)
   the space 158444K,  89% used [0x9f0a0000, 0xa7abd980, 0xa7abda00, 0xa8b5b000)
 Metaspace       used 23413K, capacity 23670K, committed 23808K, reserved 23856K
Event: 127.264 GC heap after
Heap after GC invocations=63 (full 2):
 def new generation   total 71424K, used 7872K [0x94600000, 0x99370000, 0x9f0a0000)
  eden space 63552K,   0% used [0x94600000, 0x94600000, 0x98410000)
  from space 7872K, 100% used [0x98bc0000, 0x99370000, 0x99370000)
  to   space 7872K,   0% used [0x98410000, 0x98410000, 0x98bc0000)
 tenured generation   total 158444K, used 147847K [0x9f0a0000, 0xa8b5b000, 0xb4600000)
   the space 158444K,  93% used [0x9f0a0000, 0xa8101ef8, 0xa8102000, 0xa8b5b000)
 Metaspace       used 23413K, capacity 23670K, committed 23808K, reserved 23856K
}
Event: 127.271 GC heap before
{Heap before GC invocations=63 (full 2):
 def new generation   total 71424K, used 10280K [0x94600000, 0x99370000, 0x9f0a0000)
  eden space 63552K,   3% used [0x94600000, 0x9485a038, 0x98410000)
  from space 7872K, 100% used [0x98bc0000, 0x99370000, 0x99370000)
  to   space 7872K,   0% used [0x98410000, 0x98410000, 0x98bc0000)
 tenured generation   total 158444K, used 147847K [0x9f0a0000, 0xa8b5b000, 0xb4600000)
   the space 158444K,  93% used [0x9f0a0000, 0xa8101ef8, 0xa8102000, 0xa8b5b000)
 Metaspace       used 23413K, capacity 23670K, committed 23808K, reserved 23856K
Event: 127.278 GC heap after
Heap after GC invocations=64 (full 2):
 def new generation   total 71424K, used 1680K [0x94600000, 0x99370000, 0x9f0a0000)
  eden space 63552K,   0% used [0x94600000, 0x94600000, 0x98410000)
  from space 7872K,  21% used [0x98410000, 0x985b4360, 0x98bc0000)
  to   space 7872K,   0% used [0x98bc0000, 0x98bc0000, 0x99370000)
 tenured generation   total 158444K, used 151829K [0x9f0a0000, 0xa8b5b000, 0xb4600000)
   the space 158444K,  95% used [0x9f0a0000, 0xa84e5710, 0xa84e5800, 0xa8b5b000)
 Metaspace       used 23413K, capacity 23670K, committed 23808K, reserved 23856K
}
Event: 127.603 GC heap before
{Heap before GC invocations=64 (full 2):
 def new generation   total 71424K, used 65232K [0x94600000, 0x99370000, 0x9f0a0000)
  eden space 63552K, 100% used [0x94600000, 0x98410000, 0x98410000)
  from space 7872K,  21% used [0x98410000, 0x985b4360, 0x98bc0000)
  to   space 7872K,   0% used [0x98bc0000, 0x98bc0000, 0x99370000)
 tenured generation   total 158444K, used 151829K [0x9f0a0000, 0xa8b5b000, 0xb4600000)
   the space 158444K,  95% used [0x9f0a0000, 0xa84e5710, 0xa84e5800, 0xa8b5b000)
 Metaspace       used 23414K, capacity 23670K, committed 23808K, reserved 23856K

