# JRE version: Java(TM) SE Runtime Environment (8.0_131-b11) (build 1.8.0_131-b11)
# Java VM: Java HotSpot(TM) Client VM (25.131-b11 mixed mode linux-x86 )
Heap:
 par new generation   total 59008K, used 35376K [0x94600000, 0x98600000, 0x98600000)
  eden space 52480K,  55% used [0x94600000, 0x96282680, 0x97940000)
  from space 6528K,  94% used [0x97940000, 0x97f49a98, 0x97fa0000)
  to   space 6528K,   0% used [0x97fa0000, 0x97fa0000, 0x98600000)
 concurrent mark-sweep generation total 240752K, used 164415K [0x98600000, 0xa711c000, 0xb4600000)
 Metaspace       used 23600K, capacity 23859K, committed 23960K, reserved 24880K
GC Heap History (10 events):
Event: 945.748 GC heap before
{Heap before GC invocations=201 (full 17):
 par new generation   total 59008K, used 59008K [0x94600000, 0x98600000, 0x98600000)
  eden space 52480K, 100% used [0x94600000, 0x97940000, 0x97940000)
  from space 6528K, 100% used [0x97fa0000, 0x98600000, 0x98600000)
  to   space 6528K,   0% used [0x97940000, 0x97940000, 0x97fa0000)
 concurrent mark-sweep generation total 240752K, used 180398K [0x98600000, 0xa711c000, 0xb4600000)
 Metaspace       used 23590K, capacity 23849K, committed 23960K, reserved 24880K
Event: 945.795 GC heap after
Heap after GC invocations=202 (full 17):
 par new generation   total 59008K, used 6528K [0x94600000, 0x98600000, 0x98600000)
  eden space 52480K,   0% used [0x94600000, 0x94600000, 0x97940000)
  from space 6528K, 100% used [0x97940000, 0x97fa0000, 0x97fa0000)
  to   space 6528K,   0% used [0x97fa0000, 0x97fa0000, 0x98600000)
 concurrent mark-sweep generation total 240752K, used 190151K [0x98600000, 0xa711c000, 0xb4600000)
 Metaspace       used 23590K, capacity 23849K, committed 23960K, reserved 24880K
}
Event: 947.047 GC heap before
{Heap before GC invocations=202 (full 17):
 par new generation   total 59008K, used 59008K [0x94600000, 0x98600000, 0x98600000)
  eden space 52480K, 100% used [0x94600000, 0x97940000, 0x97940000)
  from space 6528K, 100% used [0x97940000, 0x97fa0000, 0x97fa0000)
  to   space 6528K,   0% used [0x97fa0000, 0x97fa0000, 0x98600000)
 concurrent mark-sweep generation total 240752K, used 190151K [0x98600000, 0xa711c000, 0xb4600000)
 Metaspace       used 23591K, capacity 23849K, committed 23960K, reserved 24880K
Event: 947.102 GC heap after
Heap after GC invocations=203 (full 17):
 par new generation   total 59008K, used 6528K [0x94600000, 0x98600000, 0x98600000)
  eden space 52480K,   0% used [0x94600000, 0x94600000, 0x97940000)
  from space 6528K, 100% used [0x97fa0000, 0x98600000, 0x98600000)
  to   space 6528K,   0% used [0x97940000, 0x97940000, 0x97fa0000)
 concurrent mark-sweep generation total 240752K, used 199212K [0x98600000, 0xa711c000, 0xb4600000)
 Metaspace       used 23591K, capacity 23849K, committed 23960K, reserved 24880K
}
Event: 949.354 GC heap before
{Heap before GC invocations=203 (full 18):
 par new generation   total 59008K, used 59008K [0x94600000, 0x98600000, 0x98600000)
  eden space 52480K, 100% used [0x94600000, 0x97940000, 0x97940000)
  from space 6528K, 100% used [0x97fa0000, 0x98600000, 0x98600000)
  to   space 6528K,   0% used [0x97940000, 0x97940000, 0x97fa0000)
 concurrent mark-sweep generation total 240752K, used 199212K [0x98600000, 0xa711c000, 0xb4600000)
 Metaspace       used 23592K, capacity 23849K, committed 23960K, reserved 24880K
Event: 949.413 GC heap after
Heap after GC invocations=204 (full 18):
 par new generation   total 59008K, used 6528K [0x94600000, 0x98600000, 0x98600000)
  eden space 52480K,   0% used [0x94600000, 0x94600000, 0x97940000)
  from space 6528K, 100% used [0x97940000, 0x97fa0000, 0x97fa0000)
  to   space 6528K,   0% used [0x97fa0000, 0x97fa0000, 0x98600000)
 concurrent mark-sweep generation total 240752K, used 211108K [0x98600000, 0xa711c000, 0xb4600000)
 Metaspace       used 23592K, capacity 23849K, committed 23960K, reserved 24880K
}
Event: 950.835 GC heap before
{Heap before GC invocations=204 (full 18):
 par new generation   total 59008K, used 59008K [0x94600000, 0x98600000, 0x98600000)
  eden space 52480K, 100% used [0x94600000, 0x97940000, 0x97940000)
  from space 6528K, 100% used [0x97940000, 0x97fa0000, 0x97fa0000)
  to   space 6528K,   0% used [0x97fa0000, 0x97fa0000, 0x98600000)
 concurrent mark-sweep generation total 240752K, used 211021K [0x98600000, 0xa711c000, 0xb4600000)
 Metaspace       used 23600K, capacity 23859K, committed 23960K, reserved 24880K
Event: 950.859 GC heap after
Heap after GC invocations=205 (full 18):
 par new generation   total 59008K, used 6528K [0x94600000, 0x98600000, 0x98600000)
  eden space 52480K,   0% used [0x94600000, 0x94600000, 0x97940000)
  from space 6528K, 100% used [0x97fa0000, 0x98600000, 0x98600000)
  to   space 6528K,   0% used [0x97940000, 0x97940000, 0x97fa0000)
 concurrent mark-sweep generation total 240752K, used 214226K [0x98600000, 0xa711c000, 0xb4600000)
 Metaspace       used 23600K, capacity 23859K, committed 23960K, reserved 24880K
}
Event: 951.244 GC heap before
{Heap before GC invocations=205 (full 18):
 par new generation   total 59008K, used 59008K [0x94600000, 0x98600000, 0x98600000)
  eden space 52480K, 100% used [0x94600000, 0x97940000, 0x97940000)
  from space 6528K, 100% used [0x97fa0000, 0x98600000, 0x98600000)
  to   space 6528K,   0% used [0x97940000, 0x97940000, 0x97fa0000)
 concurrent mark-sweep generation total 240752K, used 203399K [0x98600000, 0xa711c000, 0xb4600000)
 Metaspace       used 23600K, capacity 23859K, committed 23960K, reserved 24880K
Event: 951.259 GC heap after
Heap after GC invocations=206 (full 18):
 par new generation   total 59008K, used 6182K [0x94600000, 0x98600000, 0x98600000)
  eden space 52480K,   0% used [0x94600000, 0x94600000, 0x97940000)
  from space 6528K,  94% used [0x97940000, 0x97f49a98, 0x97fa0000)
  to   space 6528K,   0% used [0x97fa0000, 0x97fa0000, 0x98600000)
 concurrent mark-sweep generation total 240752K, used 204405K [0x98600000, 0xa711c000, 0xb4600000)
 Metaspace       used 23600K, capacity 23859K, committed 23960K, reserved 24880K
}

