# JRE version: Java(TM) SE Runtime Environment (8.0_131-b11) (build 1.8.0_131-b11)
# Java VM: Java HotSpot(TM) Client VM (25.131-b11 mixed mode linux-x86 )
Heap:
 def new generation   total 72000K, used 0K [0x94800000, 0x99610000, 0x9f2a0000)
  eden space 64064K,   0% used [0x94800000, 0x94800000, 0x98690000)
  from space 7936K,   0% used [0x98e50000, 0x98e50000, 0x99610000)
  to   space 7936K,   0% used [0x98690000, 0x98690000, 0x98e50000)
 tenured generation   total 162388K, used 141882K [0x9f2a0000, 0xa9135000, 0xb4800000)
   the space 162388K,  87% used [0x9f2a0000, 0xa7d2eb48, 0xa7d2ec00, 0xa9135000)
 Metaspace       used 23416K, capacity 23672K, committed 23808K, reserved 23856K
GC Heap History (10 events):
Event: 128.052 GC heap after
Heap after GC invocations=62 (full 2):
 def new generation   total 72000K, used 7925K [0x94800000, 0x99610000, 0x9f2a0000)
  eden space 64064K,   0% used [0x94800000, 0x94800000, 0x98690000)
  from space 7936K,  99% used [0x98690000, 0x98e4d670, 0x98e50000)
  to   space 7936K,   0% used [0x98e50000, 0x98e50000, 0x99610000)
 tenured generation   total 159828K, used 137104K [0x9f2a0000, 0xa8eb5000, 0xb4800000)
   the space 159828K,  85% used [0x9f2a0000, 0xa7884210, 0xa7884400, 0xa8eb5000)
 Metaspace       used 23360K, capacity 23638K, committed 23680K, reserved 23856K
}
Event: 128.368 GC heap before
{Heap before GC invocations=62 (full 2):
 def new generation   total 72000K, used 71999K [0x94800000, 0x99610000, 0x9f2a0000)
  eden space 64064K, 100% used [0x94800000, 0x98690000, 0x98690000)
  from space 7936K,  99% used [0x98690000, 0x98e4fff8, 0x98e50000)
  to   space 7936K,   0% used [0x98e50000, 0x98e50000, 0x99610000)
 tenured generation   total 159828K, used 138516K [0x9f2a0000, 0xa8eb5000, 0xb4800000)
   the space 159828K,  86% used [0x9f2a0000, 0xa79e51e0, 0xa79e5200, 0xa8eb5000)
 Metaspace       used 23410K, capacity 23670K, committed 23808K, reserved 23856K
Event: 128.400 GC heap after
Heap after GC invocations=63 (full 2):
 def new generation   total 72000K, used 7892K [0x94800000, 0x99610000, 0x9f2a0000)
  eden space 64064K,   0% used [0x94800000, 0x94800000, 0x98690000)
  from space 7936K,  99% used [0x98e50000, 0x99605128, 0x99610000)
  to   space 7936K,   0% used [0x98690000, 0x98690000, 0x98e50000)
 tenured generation   total 159828K, used 145530K [0x9f2a0000, 0xa8eb5000, 0xb4800000)
   the space 159828K,  91% used [0x9f2a0000, 0xa80bebc8, 0xa80bec00, 0xa8eb5000)
 Metaspace       used 23410K, capacity 23670K, committed 23808K, reserved 23856K
}
Event: 128.410 GC heap before
{Heap before GC invocations=63 (full 2):
 def new generation   total 72000K, used 12484K [0x94800000, 0x99610000, 0x9f2a0000)
  eden space 64064K,   7% used [0x94800000, 0x94c7c038, 0x98690000)
  from space 7936K,  99% used [0x98e50000, 0x99605128, 0x99610000)
  to   space 7936K,   0% used [0x98690000, 0x98690000, 0x98e50000)
 tenured generation   total 159828K, used 145530K [0x9f2a0000, 0xa8eb5000, 0xb4800000)
   the space 159828K,  91% used [0x9f2a0000, 0xa80bebc8, 0xa80bec00, 0xa8eb5000)
 Metaspace       used 23410K, capacity 23670K, committed 23808K, reserved 23856K
Event: 128.418 GC heap after
Heap after GC invocations=64 (full 2):
 def new generation   total 72000K, used 4136K [0x94800000, 0x99610000, 0x9f2a0000)
  eden space 64064K,   0% used [0x94800000, 0x94800000, 0x98690000)
  from space 7936K,  52% used [0x98690000, 0x98a9a148, 0x98e50000)
  to   space 7936K,   0% used [0x98e50000, 0x98e50000, 0x99610000)
 tenured generation   total 159828K, used 149740K [0x9f2a0000, 0xa8eb5000, 0xb4800000)
   the space 159828K,  93% used [0x9f2a0000, 0xa84db010, 0xa84db200, 0xa8eb5000)
 Metaspace       used 23410K, capacity 23670K, committed 23808K, reserved 23856K
}
Event: 128.722 GC heap before
{Heap before GC invocations=64 (full 2):
 def new generation   total 72000K, used 68200K [0x94800000, 0x99610000, 0x9f2a0000)
  eden space 64064K, 100% used [0x94800000, 0x98690000, 0x98690000)
  from space 7936K,  52% used [0x98690000, 0x98a9a148, 0x98e50000)
  to   space 7936K,   0% used [0x98e50000, 0x98e50000, 0x99610000)
 tenured generation   total 159828K, used 149740K [0x9f2a0000, 0xa8eb5000, 0xb4800000)
   the space 159828K,  93% used [0x9f2a0000, 0xa84db010, 0xa84db200, 0xa8eb5000)
 Metaspace       used 23411K, capacity 23670K, committed 23808K, reserved 23856K
Event: 128.732 GC heap after
Heap after GC invocations=65 (full 2):
 def new generation   total 72000K, used 7936K [0x94800000, 0x99610000, 0x9f2a0000)
  eden space 64064K,   0% used [0x94800000, 0x94800000, 0x98690000)
  from space 7936K, 100% used [0x98e50000, 0x99610000, 0x99610000)
  to   space 7936K,   0% used [0x98690000, 0x98690000, 0x98e50000)
 tenured generation   total 159828K, used 153797K [0x9f2a0000, 0xa8eb5000, 0xb4800000)
   the space 159828K,  96% used [0x9f2a0000, 0xa88d16f8, 0xa88d1800, 0xa8eb5000)
 Metaspace       used 23411K, capacity 23670K, committed 23808K, reserved 23856K
}
Event: 129.205 GC heap before
{Heap before GC invocations=65 (full 2):
 def new generation   total 72000K, used 72000K [0x94800000, 0x99610000, 0x9f2a0000)
  eden space 64064K, 100% used [0x94800000, 0x98690000, 0x98690000)
  from space 7936K, 100% used [0x98e50000, 0x99610000, 0x99610000)
  to   space 7936K,   0% used [0x98690000, 0x98690000, 0x98e50000)
 tenured generation   total 159828K, used 153797K [0x9f2a0000, 0xa8eb5000, 0xb4800000)
   the space 159828K,  96% used [0x9f2a0000, 0xa88d16f8, 0xa88d1800, 0xa8eb5000)
 Metaspace       used 23415K, capacity 23672K, committed 23808K, reserved 23856K
Event: 129.221 GC heap after
Heap after GC invocations=66 (full 2):
 def new generation   total 72000K, used 7936K [0x94800000, 0x99610000, 0x9f2a0000)
  eden space 64064K,   0% used [0x94800000, 0x94800000, 0x98690000)
  from space 7936K, 100% used [0x98690000, 0x98e50000, 0x98e50000)
  to   space 7936K,   0% used [0x98e50000, 0x98e50000, 0x99610000)
 tenured generation   total 159828K, used 158796K [0x9f2a0000, 0xa8eb5000, 0xb4800000)
   the space 159828K,  99% used [0x9f2a0000, 0xa8db33f0, 0xa8db3400, 0xa8eb5000)
 Metaspace       used 23415K, capacity 23672K, committed 23808K, reserved 23856K
}
Event: 129.757 GC heap before
{Heap before GC invocations=66 (full 2):
 def new generation   total 72000K, used 72000K [0x94800000, 0x99610000, 0x9f2a0000)
  eden space 64064K, 100% used [0x94800000, 0x98690000, 0x98690000)
  from space 7936K, 100% used [0x98690000, 0x98e50000, 0x98e50000)
  to   space 7936K,   0% used [0x98e50000, 0x98e50000, 0x99610000)
 tenured generation   total 159828K, used 158796K [0x9f2a0000, 0xa8eb5000, 0xb4800000)
   the space 159828K,  99% used [0x9f2a0000, 0xa8db33f0, 0xa8db3400, 0xa8eb5000)
 Metaspace       used 23416K, capacity 23672K, committed 23808K, reserved 23856K

