# JRE version: Java(TM) SE Runtime Environment (8.0_131-b11) (build 1.8.0_131-b11)
# Java VM: Java HotSpot(TM) Server VM (25.131-b11 mixed mode linux-x86 )
Heap:
 par new generation   total 59008K, used 35264K [0x86e00000, 0x8ae00000, 0x8ae00000)
  eden space 52480K,  54% used [0x86e00000, 0x88a100b0, 0x8a140000)
  from space 6528K, 100% used [0x8a140000, 0x8a7a0000, 0x8a7a0000)
  to   space 6528K,   0% used [0x8a7a0000, 0x8a7a0000, 0x8ae00000)
 concurrent mark-sweep generation total 209256K, used 131404K [0x8ae00000, 0x97a5a000, 0xa6e00000)
 Metaspace       used 24225K, capacity 24429K, committed 24600K, reserved 24880K
GC Heap History (10 events):
Event: 76.727 GC heap before
{Heap before GC invocations=43 (full 13):
 par new generation   total 59008K, used 59008K [0x86e00000, 0x8ae00000, 0x8ae00000)
  eden space 52480K, 100% used [0x86e00000, 0x8a140000, 0x8a140000)
  from space 6528K, 100% used [0x8a7a0000, 0x8ae00000, 0x8ae00000)
  to   space 6528K,   0% used [0x8a140000, 0x8a140000, 0x8a7a0000)
 concurrent mark-sweep generation total 209256K, used 132254K [0x8ae00000, 0x97a5a000, 0xa6e00000)
 Metaspace       used 24173K, capacity 24385K, committed 24472K, reserved 24880K
Event: 76.752 GC heap after
Heap after GC invocations=44 (full 13):
 par new generation   total 59008K, used 6528K [0x86e00000, 0x8ae00000, 0x8ae00000)
  eden space 52480K,   0% used [0x86e00000, 0x86e00000, 0x8a140000)
  from space 6528K, 100% used [0x8a140000, 0x8a7a0000, 0x8a7a0000)
  to   space 6528K,   0% used [0x8a7a0000, 0x8a7a0000, 0x8ae00000)
 concurrent mark-sweep generation total 209256K, used 134659K [0x8ae00000, 0x97a5a000, 0xa6e00000)
 Metaspace       used 24173K, capacity 24385K, committed 24472K, reserved 24880K
}
Event: 77.023 GC heap before
{Heap before GC invocations=44 (full 13):
 par new generation   total 59008K, used 59008K [0x86e00000, 0x8ae00000, 0x8ae00000)
  eden space 52480K, 100% used [0x86e00000, 0x8a140000, 0x8a140000)
  from space 6528K, 100% used [0x8a140000, 0x8a7a0000, 0x8a7a0000)
  to   space 6528K,   0% used [0x8a7a0000, 0x8a7a0000, 0x8ae00000)
 concurrent mark-sweep generation total 209256K, used 136843K [0x8ae00000, 0x97a5a000, 0xa6e00000)
 Metaspace       used 24188K, capacity 24392K, committed 24472K, reserved 24880K
Event: 77.033 GC heap after
Heap after GC invocations=45 (full 13):
 par new generation   total 59008K, used 6528K [0x86e00000, 0x8ae00000, 0x8ae00000)
  eden space 52480K,   0% used [0x86e00000, 0x86e00000, 0x8a140000)
  from space 6528K, 100% used [0x8a7a0000, 0x8ae00000, 0x8ae00000)
  to   space 6528K,   0% used [0x8a140000, 0x8a140000, 0x8a7a0000)
 concurrent mark-sweep generation total 209256K, used 137295K [0x8ae00000, 0x97a5a000, 0xa6e00000)
 Metaspace       used 24188K, capacity 24392K, committed 24472K, reserved 24880K
}
Event: 77.272 GC heap before
{Heap before GC invocations=45 (full 13):
 par new generation   total 59008K, used 59008K [0x86e00000, 0x8ae00000, 0x8ae00000)
  eden space 52480K, 100% used [0x86e00000, 0x8a140000, 0x8a140000)
  from space 6528K, 100% used [0x8a7a0000, 0x8ae00000, 0x8ae00000)
  to   space 6528K,   0% used [0x8a140000, 0x8a140000, 0x8a7a0000)
 concurrent mark-sweep generation total 209256K, used 140248K [0x8ae00000, 0x97a5a000, 0xa6e00000)
 Metaspace       used 24198K, capacity 24397K, committed 24472K, reserved 24880K
Event: 77.279 GC heap after
Heap after GC invocations=46 (full 13):
 par new generation   total 59008K, used 6528K [0x86e00000, 0x8ae00000, 0x8ae00000)
  eden space 52480K,   0% used [0x86e00000, 0x86e00000, 0x8a140000)
  from space 6528K, 100% used [0x8a140000, 0x8a7a0000, 0x8a7a0000)
  to   space 6528K,   0% used [0x8a7a0000, 0x8a7a0000, 0x8ae00000)
 concurrent mark-sweep generation total 209256K, used 140566K [0x8ae00000, 0x97a5a000, 0xa6e00000)
 Metaspace       used 24198K, capacity 24397K, committed 24472K, reserved 24880K
}
Event: 77.517 GC heap before
{Heap before GC invocations=46 (full 13):
 par new generation   total 59008K, used 59008K [0x86e00000, 0x8ae00000, 0x8ae00000)
  eden space 52480K, 100% used [0x86e00000, 0x8a140000, 0x8a140000)
  from space 6528K, 100% used [0x8a140000, 0x8a7a0000, 0x8a7a0000)
  to   space 6528K,   0% used [0x8a7a0000, 0x8a7a0000, 0x8ae00000)
 concurrent mark-sweep generation total 209256K, used 143661K [0x8ae00000, 0x97a5a000, 0xa6e00000)
 Metaspace       used 24213K, capacity 24397K, committed 24472K, reserved 24880K
Event: 77.536 GC heap after
Heap after GC invocations=47 (full 13):
 par new generation   total 59008K, used 6528K [0x86e00000, 0x8ae00000, 0x8ae00000)
  eden space 52480K,   0% used [0x86e00000, 0x86e00000, 0x8a140000)
  from space 6528K, 100% used [0x8a7a0000, 0x8ae00000, 0x8ae00000)
  to   space 6528K,   0% used [0x8a140000, 0x8a140000, 0x8a7a0000)
 concurrent mark-sweep generation total 209256K, used 145713K [0x8ae00000, 0x97a5a000, 0xa6e00000)
 Metaspace       used 24213K, capacity 24397K, committed 24472K, reserved 24880K
}
Event: 77.808 GC heap before
{Heap before GC invocations=47 (full 13):
 par new generation   total 59008K, used 58963K [0x86e00000, 0x8ae00000, 0x8ae00000)
  eden space 52480K,  99% used [0x86e00000, 0x8a134c98, 0x8a140000)
  from space 6528K, 100% used [0x8a7a0000, 0x8ae00000, 0x8ae00000)
  to   space 6528K,   0% used [0x8a140000, 0x8a140000, 0x8a7a0000)
 concurrent mark-sweep generation total 209256K, used 145964K [0x8ae00000, 0x97a5a000, 0xa6e00000)
 Metaspace       used 24223K, capacity 24429K, committed 24600K, reserved 24880K
Event: 77.834 GC heap after
Heap after GC invocations=48 (full 13):
 par new generation   total 59008K, used 6528K [0x86e00000, 0x8ae00000, 0x8ae00000)
  eden space 52480K,   0% used [0x86e00000, 0x86e00000, 0x8a140000)
  from space 6528K, 100% used [0x8a140000, 0x8a7a0000, 0x8a7a0000)
  to   space 6528K,   0% used [0x8a7a0000, 0x8a7a0000, 0x8ae00000)
 concurrent mark-sweep generation total 209256K, used 151228K [0x8ae00000, 0x97a5a000, 0xa6e00000)
 Metaspace       used 24223K, capacity 24429K, committed 24600K, reserved 24880K
}

