# JRE version: Java(TM) SE Runtime Environment (8.0_131-b11) (build 1.8.0_131-b11)
# Java VM: Java HotSpot(TM) Client VM (25.131-b11 mixed mode linux-x86 )
Heap:
 def new generation   total 97920K, used 60258K [0x88a00000, 0x8f430000, 0x97350000)
  eden space 87104K,  69% used [0x88a00000, 0x8c4b6500, 0x8df10000)
  from space 10816K,   1% used [0x8df10000, 0x8df326b0, 0x8e9a0000)
  to   space 10816K,   0% used [0x8e9a0000, 0x8e9a0000, 0x8f430000)
 tenured generation   total 217368K, used 166881K [0x97350000, 0xa4796000, 0xb4600000)
   the space 217368K,  76% used [0x97350000, 0xa16487f0, 0xa1648800, 0xa4796000)
 Metaspace       used 23633K, capacity 23936K, committed 24088K, reserved 24880K
GC Heap History (10 events):
Event: 114659.474 GC heap before
{Heap before GC invocations=560 (full 4):
 def new generation   total 97920K, used 87296K [0x88a00000, 0x8f430000, 0x97350000)
  eden space 87104K, 100% used [0x88a00000, 0x8df10000, 0x8df10000)
  from space 10816K,   1% used [0x8e9a0000, 0x8e9d0288, 0x8f430000)
  to   space 10816K,   0% used [0x8df10000, 0x8df10000, 0x8e9a0000)
 tenured generation   total 217368K, used 166881K [0x97350000, 0xa4796000, 0xb4600000)
   the space 217368K,  76% used [0x97350000, 0xa1648788, 0xa1648800, 0xa4796000)
 Metaspace       used 23633K, capacity 23936K, committed 24088K, reserved 24880K
Event: 114659.480 GC heap after
Heap after GC invocations=561 (full 4):
 def new generation   total 97920K, used 180K [0x88a00000, 0x8f430000, 0x97350000)
  eden space 87104K,   0% used [0x88a00000, 0x88a00000, 0x8df10000)
  from space 10816K,   1% used [0x8df10000, 0x8df3d2c0, 0x8e9a0000)
  to   space 10816K,   0% used [0x8e9a0000, 0x8e9a0000, 0x8f430000)
 tenured generation   total 217368K, used 166881K [0x97350000, 0xa4796000, 0xb4600000)
   the space 217368K,  76% used [0x97350000, 0xa1648788, 0xa1648800, 0xa4796000)
 Metaspace       used 23633K, capacity 23936K, committed 24088K, reserved 24880K
}
Event: 116841.960 GC heap before
{Heap before GC invocations=561 (full 4):
 def new generation   total 97920K, used 87284K [0x88a00000, 0x8f430000, 0x97350000)
  eden space 87104K, 100% used [0x88a00000, 0x8df10000, 0x8df10000)
  from space 10816K,   1% used [0x8df10000, 0x8df3d2c0, 0x8e9a0000)
  to   space 10816K,   0% used [0x8e9a0000, 0x8e9a0000, 0x8f430000)
 tenured generation   total 217368K, used 166881K [0x97350000, 0xa4796000, 0xb4600000)
   the space 217368K,  76% used [0x97350000, 0xa1648788, 0xa1648800, 0xa4796000)
 Metaspace       used 23633K, capacity 23936K, committed 24088K, reserved 24880K
Event: 116841.963 GC heap after
Heap after GC invocations=562 (full 4):
 def new generation   total 97920K, used 150K [0x88a00000, 0x8f430000, 0x97350000)
  eden space 87104K,   0% used [0x88a00000, 0x88a00000, 0x8df10000)
  from space 10816K,   1% used [0x8e9a0000, 0x8e9c5850, 0x8f430000)
  to   space 10816K,   0% used [0x8df10000, 0x8df10000, 0x8e9a0000)
 tenured generation   total 217368K, used 166881K [0x97350000, 0xa4796000, 0xb4600000)
   the space 217368K,  76% used [0x97350000, 0xa1648788, 0xa1648800, 0xa4796000)
 Metaspace       used 23633K, capacity 23936K, committed 24088K, reserved 24880K
}
Event: 119112.982 GC heap before
{Heap before GC invocations=562 (full 4):
 def new generation   total 97920K, used 87254K [0x88a00000, 0x8f430000, 0x97350000)
  eden space 87104K, 100% used [0x88a00000, 0x8df10000, 0x8df10000)
  from space 10816K,   1% used [0x8e9a0000, 0x8e9c5850, 0x8f430000)
  to   space 10816K,   0% used [0x8df10000, 0x8df10000, 0x8e9a0000)
 tenured generation   total 217368K, used 166881K [0x97350000, 0xa4796000, 0xb4600000)
   the space 217368K,  76% used [0x97350000, 0xa1648788, 0xa1648800, 0xa4796000)
 Metaspace       used 23633K, capacity 23936K, committed 24088K, reserved 24880K
Event: 119112.989 GC heap after
Heap after GC invocations=563 (full 4):
 def new generation   total 97920K, used 145K [0x88a00000, 0x8f430000, 0x97350000)
  eden space 87104K,   0% used [0x88a00000, 0x88a00000, 0x8df10000)
  from space 10816K,   1% used [0x8df10000, 0x8df34600, 0x8e9a0000)
  to   space 10816K,   0% used [0x8e9a0000, 0x8e9a0000, 0x8f430000)
 tenured generation   total 217368K, used 166881K [0x97350000, 0xa4796000, 0xb4600000)
   the space 217368K,  76% used [0x97350000, 0xa16487f0, 0xa1648800, 0xa4796000)
 Metaspace       used 23633K, capacity 23936K, committed 24088K, reserved 24880K
}
Event: 121343.832 GC heap before
{Heap before GC invocations=563 (full 4):
 def new generation   total 97920K, used 87249K [0x88a00000, 0x8f430000, 0x97350000)
  eden space 87104K, 100% used [0x88a00000, 0x8df10000, 0x8df10000)
  from space 10816K,   1% used [0x8df10000, 0x8df34600, 0x8e9a0000)
  to   space 10816K,   0% used [0x8e9a0000, 0x8e9a0000, 0x8f430000)
 tenured generation   total 217368K, used 166881K [0x97350000, 0xa4796000, 0xb4600000)
   the space 217368K,  76% used [0x97350000, 0xa16487f0, 0xa1648800, 0xa4796000)
 Metaspace       used 23633K, capacity 23936K, committed 24088K, reserved 24880K
Event: 121343.834 GC heap after
Heap after GC invocations=564 (full 4):
 def new generation   total 97920K, used 164K [0x88a00000, 0x8f430000, 0x97350000)
  eden space 87104K,   0% used [0x88a00000, 0x88a00000, 0x8df10000)
  from space 10816K,   1% used [0x8e9a0000, 0x8e9c91c8, 0x8f430000)
  to   space 10816K,   0% used [0x8df10000, 0x8df10000, 0x8e9a0000)
 tenured generation   total 217368K, used 166881K [0x97350000, 0xa4796000, 0xb4600000)
   the space 217368K,  76% used [0x97350000, 0xa16487f0, 0xa1648800, 0xa4796000)
 Metaspace       used 23633K, capacity 23936K, committed 24088K, reserved 24880K
}
Event: 123596.588 GC heap before
{Heap before GC invocations=564 (full 4):
 def new generation   total 97920K, used 87268K [0x88a00000, 0x8f430000, 0x97350000)
  eden space 87104K, 100% used [0x88a00000, 0x8df10000, 0x8df10000)
  from space 10816K,   1% used [0x8e9a0000, 0x8e9c91c8, 0x8f430000)
  to   space 10816K,   0% used [0x8df10000, 0x8df10000, 0x8e9a0000)
 tenured generation   total 217368K, used 166881K [0x97350000, 0xa4796000, 0xb4600000)
   the space 217368K,  76% used [0x97350000, 0xa16487f0, 0xa1648800, 0xa4796000)
 Metaspace       used 23633K, capacity 23936K, committed 24088K, reserved 24880K
Event: 123596.594 GC heap after
Heap after GC invocations=565 (full 4):
 def new generation   total 97920K, used 137K [0x88a00000, 0x8f430000, 0x97350000)
  eden space 87104K,   0% used [0x88a00000, 0x88a00000, 0x8df10000)
  from space 10816K,   1% used [0x8df10000, 0x8df326b0, 0x8e9a0000)
  to   space 10816K,   0% used [0x8e9a0000, 0x8e9a0000, 0x8f430000)
 tenured generation   total 217368K, used 166881K [0x97350000, 0xa4796000, 0xb4600000)
   the space 217368K,  76% used [0x97350000, 0xa16487f0, 0xa1648800, 0xa4796000)
 Metaspace       used 23633K, capacity 23936K, committed 24088K, reserved 24880K
}

