# JRE version: Java(TM) SE Runtime Environment (8.0_131-b11) (build 1.8.0_131-b11)
# Java VM: Java HotSpot(TM) Server VM (25.131-b11 mixed mode linux-x86 )
Heap:
 par new generation   total 59008K, used 59008K [0x86e00000, 0x8ae00000, 0x8ae00000)
  eden space 52480K, 100% used [0x86e00000, 0x8a140000, 0x8a140000)
  from space 6528K, 100% used [0x8a140000, 0x8a7a0000, 0x8a7a0000)
  to   space 6528K, 100% used [0x8a7a0000, 0x8ae00000, 0x8ae00000)
 concurrent mark-sweep generation total 208772K, used 208610K [0x8ae00000, 0x979e1000, 0xa6e00000)
 Metaspace       used 25968K, capacity 26192K, committed 26264K, reserved 26928K
GC Heap History (10 events):
Event: 489.143 GC heap after
Heap after GC invocations=402 (full 23):
 par new generation   total 59008K, used 2055K [0x86e00000, 0x8ae00000, 0x8ae00000)
  eden space 52480K,   0% used [0x86e00000, 0x86e00000, 0x8a140000)
  from space 6528K,  31% used [0x8a140000, 0x8a341c98, 0x8a7a0000)
  to   space 6528K,   0% used [0x8a7a0000, 0x8a7a0000, 0x8ae00000)
 concurrent mark-sweep generation total 208772K, used 168641K [0x8ae00000, 0x979e1000, 0xa6e00000)
 Metaspace       used 25955K, capacity 26189K, committed 26264K, reserved 26928K
}
Event: 846.030 GC heap before
{Heap before GC invocations=402 (full 23):
 par new generation   total 59008K, used 54557K [0x86e00000, 0x8ae00000, 0x8ae00000)
  eden space 52480K, 100% used [0x86e00000, 0x8a140000, 0x8a140000)
  from space 6528K,  31% used [0x8a140000, 0x8a347790, 0x8a7a0000)
  to   space 6528K,   0% used [0x8a7a0000, 0x8a7a0000, 0x8ae00000)
 concurrent mark-sweep generation total 208772K, used 168641K [0x8ae00000, 0x979e1000, 0xa6e00000)
 Metaspace       used 25964K, capacity 26189K, committed 26264K, reserved 26928K
Event: 846.077 GC heap after
Heap after GC invocations=403 (full 23):
 par new generation   total 59008K, used 6528K [0x86e00000, 0x8ae00000, 0x8ae00000)
  eden space 52480K,   0% used [0x86e00000, 0x86e00000, 0x8a140000)
  from space 6528K, 100% used [0x8a7a0000, 0x8ae00000, 0x8ae00000)
  to   space 6528K,   0% used [0x8a140000, 0x8a140000, 0x8a7a0000)
 concurrent mark-sweep generation total 208772K, used 176810K [0x8ae00000, 0x979e1000, 0xa6e00000)
 Metaspace       used 25964K, capacity 26189K, committed 26264K, reserved 26928K
}
Event: 846.386 GC heap before
{Heap before GC invocations=403 (full 23):
 par new generation   total 59008K, used 59008K [0x86e00000, 0x8ae00000, 0x8ae00000)
  eden space 52480K, 100% used [0x86e00000, 0x8a140000, 0x8a140000)
  from space 6528K, 100% used [0x8a7a0000, 0x8ae00000, 0x8ae00000)
  to   space 6528K,   0% used [0x8a140000, 0x8a140000, 0x8a7a0000)
 concurrent mark-sweep generation total 208772K, used 176980K [0x8ae00000, 0x979e1000, 0xa6e00000)
 Metaspace       used 25965K, capacity 26189K, committed 26264K, reserved 26928K
Event: 846.415 GC heap after
Heap after GC invocations=404 (full 23):
 par new generation   total 59008K, used 6528K [0x86e00000, 0x8ae00000, 0x8ae00000)
  eden space 52480K,   0% used [0x86e00000, 0x86e00000, 0x8a140000)
  from space 6528K, 100% used [0x8a140000, 0x8a7a0000, 0x8a7a0000)
  to   space 6528K,   0% used [0x8a7a0000, 0x8a7a0000, 0x8ae00000)
 concurrent mark-sweep generation total 208772K, used 185579K [0x8ae00000, 0x979e1000, 0xa6e00000)
 Metaspace       used 25965K, capacity 26189K, committed 26264K, reserved 26928K
}
Event: 846.592 GC heap before
{Heap before GC invocations=404 (full 23):
 par new generation   total 59008K, used 59008K [0x86e00000, 0x8ae00000, 0x8ae00000)
  eden space 52480K, 100% used [0x86e00000, 0x8a140000, 0x8a140000)
  from space 6528K, 100% used [0x8a140000, 0x8a7a0000, 0x8a7a0000)
  to   space 6528K,   0% used [0x8a7a0000, 0x8a7a0000, 0x8ae00000)
 concurrent mark-sweep generation total 208772K, used 189254K [0x8ae00000, 0x979e1000, 0xa6e00000)
 Metaspace       used 25968K, capacity 26192K, committed 26264K, reserved 26928K
Event: 846.613 GC heap after
Heap after GC invocations=405 (full 23):
 par new generation   total 59008K, used 6528K [0x86e00000, 0x8ae00000, 0x8ae00000)
  eden space 52480K,   0% used [0x86e00000, 0x86e00000, 0x8a140000)
  from space 6528K, 100% used [0x8a7a0000, 0x8ae00000, 0x8ae00000)
  to   space 6528K,   0% used [0x8a140000, 0x8a140000, 0x8a7a0000)
 concurrent mark-sweep generation total 208772K, used 193402K [0x8ae00000, 0x979e1000, 0xa6e00000)
 Metaspace       used 25968K, capacity 26192K, committed 26264K, reserved 26928K
}
Event: 846.902 GC heap before
{Heap before GC invocations=405 (full 23):
 par new generation   total 59008K, used 59008K [0x86e00000, 0x8ae00000, 0x8ae00000)
  eden space 52480K, 100% used [0x86e00000, 0x8a140000, 0x8a140000)
  from space 6528K, 100% used [0x8a7a0000, 0x8ae00000, 0x8ae00000)
  to   space 6528K,   0% used [0x8a140000, 0x8a140000, 0x8a7a0000)
 concurrent mark-sweep generation total 208772K, used 195992K [0x8ae00000, 0x979e1000, 0xa6e00000)
 Metaspace       used 25968K, capacity 26192K, committed 26264K, reserved 26928K
Event: 846.934 GC heap after
Heap after GC invocations=406 (full 23):
 par new generation   total 59008K, used 6528K [0x86e00000, 0x8ae00000, 0x8ae00000)
  eden space 52480K,   0% used [0x86e00000, 0x86e00000, 0x8a140000)
  from space 6528K, 100% used [0x8a140000, 0x8a7a0000, 0x8a7a0000)
  to   space 6528K,   0% used [0x8a7a0000, 0x8a7a0000, 0x8ae00000)
 concurrent mark-sweep generation total 208772K, used 202220K [0x8ae00000, 0x979e1000, 0xa6e00000)
 Metaspace       used 25968K, capacity 26192K, committed 26264K, reserved 26928K
}
Event: 847.279 GC heap before
{Heap before GC invocations=406 (full 23):
 par new generation   total 59008K, used 59008K [0x86e00000, 0x8ae00000, 0x8ae00000)
  eden space 52480K, 100% used [0x86e00000, 0x8a140000, 0x8a140000)
  from space 6528K, 100% used [0x8a140000, 0x8a7a0000, 0x8a7a0000)
  to   space 6528K,   0% used [0x8a7a0000, 0x8a7a0000, 0x8ae00000)
 concurrent mark-sweep generation total 208772K, used 202220K [0x8ae00000, 0x979e1000, 0xa6e00000)
 Metaspace       used 25968K, capacity 26192K, committed 26264K, reserved 26928K

