# JRE version: Java(TM) SE Runtime Environment (8.0_131-b11) (build 1.8.0_131-b11)
# Java VM: Java HotSpot(TM) Client VM (25.131-b11 mixed mode linux-x86 )
Heap:
 par new generation   total 59008K, used 33299K [0x94400000, 0x98400000, 0x98400000)
  eden space 52480K,  51% used [0x94400000, 0x95e24f68, 0x97740000)
  from space 6528K, 100% used [0x97da0000, 0x98400000, 0x98400000)
  to   space 6528K,   0% used [0x97740000, 0x97740000, 0x97da0000)
 concurrent mark-sweep generation total 227452K, used 177792K [0x98400000, 0xa621f000, 0xb4400000)
 Metaspace       used 23678K, capacity 23970K, committed 24088K, reserved 24880K
GC Heap History (10 events):
Event: 34356.150 GC heap before
{Heap before GC invocations=3898 (full 69):
 par new generation   total 59008K, used 58885K [0x94400000, 0x98400000, 0x98400000)
  eden space 52480K,  99% used [0x94400000, 0x9773f008, 0x97740000)
  from space 6528K,  98% used [0x97740000, 0x97d82590, 0x97da0000)
  to   space 6528K,   0% used [0x97da0000, 0x97da0000, 0x98400000)
 concurrent mark-sweep generation total 227452K, used 178531K [0x98400000, 0xa621f000, 0xb4400000)
 Metaspace       used 23678K, capacity 23970K, committed 24088K, reserved 24880K
Event: 34356.158 GC heap after
Heap after GC invocations=3899 (full 69):
 par new generation   total 59008K, used 5203K [0x94400000, 0x98400000, 0x98400000)
  eden space 52480K,   0% used [0x94400000, 0x94400000, 0x97740000)
  from space 6528K,  79% used [0x97da0000, 0x982b4c30, 0x98400000)
  to   space 6528K,   0% used [0x97740000, 0x97740000, 0x97da0000)
 concurrent mark-sweep generation total 227452K, used 178531K [0x98400000, 0xa621f000, 0xb4400000)
 Metaspace       used 23678K, capacity 23970K, committed 24088K, reserved 24880K
}
Event: 34356.717 GC heap before
{Heap before GC invocations=3899 (full 69):
 par new generation   total 59008K, used 57683K [0x94400000, 0x98400000, 0x98400000)
  eden space 52480K, 100% used [0x94400000, 0x97740000, 0x97740000)
  from space 6528K,  79% used [0x97da0000, 0x982b4c30, 0x98400000)
  to   space 6528K,   0% used [0x97740000, 0x97740000, 0x97da0000)
 concurrent mark-sweep generation total 227452K, used 178531K [0x98400000, 0xa621f000, 0xb4400000)
 Metaspace       used 23678K, capacity 23970K, committed 24088K, reserved 24880K
Event: 34356.733 GC heap after
Heap after GC invocations=3900 (full 69):
 par new generation   total 59008K, used 6528K [0x94400000, 0x98400000, 0x98400000)
  eden space 52480K,   0% used [0x94400000, 0x94400000, 0x97740000)
  from space 6528K, 100% used [0x97740000, 0x97da0000, 0x97da0000)
  to   space 6528K,   0% used [0x97da0000, 0x97da0000, 0x98400000)
 concurrent mark-sweep generation total 227452K, used 179253K [0x98400000, 0xa621f000, 0xb4400000)
 Metaspace       used 23678K, capacity 23970K, committed 24088K, reserved 24880K
}
Event: 34357.322 GC heap before
{Heap before GC invocations=3900 (full 69):
 par new generation   total 59008K, used 59008K [0x94400000, 0x98400000, 0x98400000)
  eden space 52480K, 100% used [0x94400000, 0x97740000, 0x97740000)
  from space 6528K, 100% used [0x97740000, 0x97da0000, 0x97da0000)
  to   space 6528K,   0% used [0x97da0000, 0x97da0000, 0x98400000)
 concurrent mark-sweep generation total 227452K, used 179253K [0x98400000, 0xa621f000, 0xb4400000)
 Metaspace       used 23678K, capacity 23970K, committed 24088K, reserved 24880K
Event: 34357.331 GC heap after
Heap after GC invocations=3901 (full 69):
 par new generation   total 59008K, used 6182K [0x94400000, 0x98400000, 0x98400000)
  eden space 52480K,   0% used [0x94400000, 0x94400000, 0x97740000)
  from space 6528K,  94% used [0x97da0000, 0x983a9980, 0x98400000)
  to   space 6528K,   0% used [0x97740000, 0x97740000, 0x97da0000)
 concurrent mark-sweep generation total 227452K, used 180093K [0x98400000, 0xa621f000, 0xb4400000)
 Metaspace       used 23678K, capacity 23970K, committed 24088K, reserved 24880K
}
Event: 34357.941 GC heap before
{Heap before GC invocations=3901 (full 69):
 par new generation   total 59008K, used 58662K [0x94400000, 0x98400000, 0x98400000)
  eden space 52480K, 100% used [0x94400000, 0x97740000, 0x97740000)
  from space 6528K,  94% used [0x97da0000, 0x983a9980, 0x98400000)
  to   space 6528K,   0% used [0x97740000, 0x97740000, 0x97da0000)
 concurrent mark-sweep generation total 227452K, used 180087K [0x98400000, 0xa621f000, 0xb4400000)
 Metaspace       used 23678K, capacity 23970K, committed 24088K, reserved 24880K
Event: 34357.957 GC heap after
Heap after GC invocations=3902 (full 69):
 par new generation   total 59008K, used 5836K [0x94400000, 0x98400000, 0x98400000)
  eden space 52480K,   0% used [0x94400000, 0x94400000, 0x97740000)
  from space 6528K,  89% used [0x97740000, 0x97cf3278, 0x97da0000)
  to   space 6528K,   0% used [0x97da0000, 0x97da0000, 0x98400000)
 concurrent mark-sweep generation total 227452K, used 180087K [0x98400000, 0xa621f000, 0xb4400000)
 Metaspace       used 23678K, capacity 23970K, committed 24088K, reserved 24880K
}
Event: 34358.497 GC heap before
{Heap before GC invocations=3902 (full 69):
 par new generation   total 59008K, used 58316K [0x94400000, 0x98400000, 0x98400000)
  eden space 52480K, 100% used [0x94400000, 0x97740000, 0x97740000)
  from space 6528K,  89% used [0x97740000, 0x97cf3278, 0x97da0000)
  to   space 6528K,   0% used [0x97da0000, 0x97da0000, 0x98400000)
 concurrent mark-sweep generation total 227452K, used 180062K [0x98400000, 0xa621f000, 0xb4400000)
 Metaspace       used 23678K, capacity 23970K, committed 24088K, reserved 24880K
Event: 34358.509 GC heap after
Heap after GC invocations=3903 (full 69):
 par new generation   total 59008K, used 6528K [0x94400000, 0x98400000, 0x98400000)
  eden space 52480K,   0% used [0x94400000, 0x94400000, 0x97740000)
  from space 6528K, 100% used [0x97da0000, 0x98400000, 0x98400000)
  to   space 6528K,   0% used [0x97740000, 0x97740000, 0x97da0000)
 concurrent mark-sweep generation total 227452K, used 182277K [0x98400000, 0xa621f000, 0xb4400000)
 Metaspace       used 23678K, capacity 23970K, committed 24088K, reserved 24880K
}

