# JRE version: Java(TM) SE Runtime Environment (8.0_131-b11) (build 1.8.0_131-b11)
# Java VM: Java HotSpot(TM) Server VM (25.131-b11 mixed mode linux-x86 )
Heap:
 par new generation   total 59008K, used 42213K [0x86e00000, 0x8ae00000, 0x8ae00000)
  eden space 52480K,  67% used [0x86e00000, 0x890d97c8, 0x8a140000)
  from space 6528K, 100% used [0x8a7a0000, 0x8ae00000, 0x8ae00000)
  to   space 6528K,   0% used [0x8a140000, 0x8a140000, 0x8a7a0000)
 concurrent mark-sweep generation total 230292K, used 197965K [0x8ae00000, 0x98ee5000, 0xa6e00000)
 Metaspace       used 25554K, capacity 25812K, committed 25880K, reserved 25904K
GC Heap History (10 events):
Event: 219.277 GC heap after
Heap after GC invocations=308 (full 19):
 par new generation   total 59008K, used 6528K [0x86e00000, 0x8ae00000, 0x8ae00000)
  eden space 52480K,   0% used [0x86e00000, 0x86e00000, 0x8a140000)
  from space 6528K, 100% used [0x8a140000, 0x8a7a0000, 0x8a7a0000)
  to   space 6528K,   0% used [0x8a7a0000, 0x8a7a0000, 0x8ae00000)
 concurrent mark-sweep generation total 230292K, used 191657K [0x8ae00000, 0x98ee5000, 0xa6e00000)
 Metaspace       used 25539K, capacity 25812K, committed 25880K, reserved 25904K
}
Event: 219.868 GC heap before
{Heap before GC invocations=308 (full 19):
 par new generation   total 59008K, used 59008K [0x86e00000, 0x8ae00000, 0x8ae00000)
  eden space 52480K, 100% used [0x86e00000, 0x8a140000, 0x8a140000)
  from space 6528K, 100% used [0x8a140000, 0x8a7a0000, 0x8a7a0000)
  to   space 6528K,   0% used [0x8a7a0000, 0x8a7a0000, 0x8ae00000)
 concurrent mark-sweep generation total 230292K, used 191657K [0x8ae00000, 0x98ee5000, 0xa6e00000)
 Metaspace       used 25549K, capacity 25812K, committed 25880K, reserved 25904K
Event: 219.880 GC heap after
Heap after GC invocations=309 (full 19):
 par new generation   total 59008K, used 6528K [0x86e00000, 0x8ae00000, 0x8ae00000)
  eden space 52480K,   0% used [0x86e00000, 0x86e00000, 0x8a140000)
  from space 6528K, 100% used [0x8a7a0000, 0x8ae00000, 0x8ae00000)
  to   space 6528K,   0% used [0x8a140000, 0x8a140000, 0x8a7a0000)
 concurrent mark-sweep generation total 230292K, used 192641K [0x8ae00000, 0x98ee5000, 0xa6e00000)
 Metaspace       used 25549K, capacity 25812K, committed 25880K, reserved 25904K
}
Event: 220.468 GC heap before
{Heap before GC invocations=309 (full 20):
 par new generation   total 59008K, used 59008K [0x86e00000, 0x8ae00000, 0x8ae00000)
  eden space 52480K, 100% used [0x86e00000, 0x8a140000, 0x8a140000)
  from space 6528K, 100% used [0x8a7a0000, 0x8ae00000, 0x8ae00000)
  to   space 6528K,   0% used [0x8a140000, 0x8a140000, 0x8a7a0000)
 concurrent mark-sweep generation total 230292K, used 192641K [0x8ae00000, 0x98ee5000, 0xa6e00000)
 Metaspace       used 25551K, capacity 25812K, committed 25880K, reserved 25904K
Event: 220.489 GC heap after
Heap after GC invocations=310 (full 20):
 par new generation   total 59008K, used 6528K [0x86e00000, 0x8ae00000, 0x8ae00000)
  eden space 52480K,   0% used [0x86e00000, 0x86e00000, 0x8a140000)
  from space 6528K, 100% used [0x8a140000, 0x8a7a0000, 0x8a7a0000)
  to   space 6528K,   0% used [0x8a7a0000, 0x8a7a0000, 0x8ae00000)
 concurrent mark-sweep generation total 230292K, used 193702K [0x8ae00000, 0x98ee5000, 0xa6e00000)
 Metaspace       used 25551K, capacity 25812K, committed 25880K, reserved 25904K
}
Event: 221.069 GC heap before
{Heap before GC invocations=310 (full 20):
 par new generation   total 59008K, used 59008K [0x86e00000, 0x8ae00000, 0x8ae00000)
  eden space 52480K, 100% used [0x86e00000, 0x8a140000, 0x8a140000)
  from space 6528K, 100% used [0x8a140000, 0x8a7a0000, 0x8a7a0000)
  to   space 6528K,   0% used [0x8a7a0000, 0x8a7a0000, 0x8ae00000)
 concurrent mark-sweep generation total 230292K, used 193702K [0x8ae00000, 0x98ee5000, 0xa6e00000)
 Metaspace       used 25551K, capacity 25812K, committed 25880K, reserved 25904K
Event: 221.081 GC heap after
Heap after GC invocations=311 (full 20):
 par new generation   total 59008K, used 6528K [0x86e00000, 0x8ae00000, 0x8ae00000)
  eden space 52480K,   0% used [0x86e00000, 0x86e00000, 0x8a140000)
  from space 6528K, 100% used [0x8a7a0000, 0x8ae00000, 0x8ae00000)
  to   space 6528K,   0% used [0x8a140000, 0x8a140000, 0x8a7a0000)
 concurrent mark-sweep generation total 230292K, used 194958K [0x8ae00000, 0x98ee5000, 0xa6e00000)
 Metaspace       used 25551K, capacity 25812K, committed 25880K, reserved 25904K
}
Event: 221.671 GC heap before
{Heap before GC invocations=311 (full 20):
 par new generation   total 59008K, used 59008K [0x86e00000, 0x8ae00000, 0x8ae00000)
  eden space 52480K, 100% used [0x86e00000, 0x8a140000, 0x8a140000)
  from space 6528K, 100% used [0x8a7a0000, 0x8ae00000, 0x8ae00000)
  to   space 6528K,   0% used [0x8a140000, 0x8a140000, 0x8a7a0000)
 concurrent mark-sweep generation total 230292K, used 194958K [0x8ae00000, 0x98ee5000, 0xa6e00000)
 Metaspace       used 25551K, capacity 25812K, committed 25880K, reserved 25904K
Event: 221.699 GC heap after
Heap after GC invocations=312 (full 20):
 par new generation   total 59008K, used 6528K [0x86e00000, 0x8ae00000, 0x8ae00000)
  eden space 52480K,   0% used [0x86e00000, 0x86e00000, 0x8a140000)
  from space 6528K, 100% used [0x8a140000, 0x8a7a0000, 0x8a7a0000)
  to   space 6528K,   0% used [0x8a7a0000, 0x8a7a0000, 0x8ae00000)
 concurrent mark-sweep generation total 230292K, used 196387K [0x8ae00000, 0x98ee5000, 0xa6e00000)
 Metaspace       used 25551K, capacity 25812K, committed 25880K, reserved 25904K
}
Event: 238.330 GC heap before
{Heap before GC invocations=312 (full 20):
 par new generation   total 59008K, used 59008K [0x86e00000, 0x8ae00000, 0x8ae00000)
  eden space 52480K, 100% used [0x86e00000, 0x8a140000, 0x8a140000)
  from space 6528K, 100% used [0x8a140000, 0x8a7a0000, 0x8a7a0000)
  to   space 6528K,   0% used [0x8a7a0000, 0x8a7a0000, 0x8ae00000)
 concurrent mark-sweep generation total 230292K, used 196387K [0x8ae00000, 0x98ee5000, 0xa6e00000)
 Metaspace       used 25554K, capacity 25812K, committed 25880K, reserved 25904K

