# JRE version: Java(TM) SE Runtime Environment (8.0_131-b11) (build 1.8.0_131-b11)
# Java VM: Java HotSpot(TM) Client VM (25.131-b11 mixed mode linux-x86 )
Heap:
 def new generation   total 112256K, used 86677K [0x94600000, 0x9bfc0000, 0x9f0a0000)
  eden space 99840K,  79% used [0x94600000, 0x9934cd48, 0x9a780000)
  from space 12416K,  60% used [0x9a780000, 0x9aed87b8, 0x9b3a0000)
  to   space 12416K,   0% used [0x9b3a0000, 0x9b3a0000, 0x9bfc0000)
 tenured generation   total 249256K, used 205152K [0x9f0a0000, 0xae40a000, 0xb4600000)
   the space 249256K,  82% used [0x9f0a0000, 0xab8f8028, 0xab8f8200, 0xae40a000)
 Metaspace       used 23800K, capacity 24094K, committed 24192K, reserved 24880K
GC Heap History (10 events):
Event: 24138.201 GC heap before
{Heap before GC invocations=9830 (full 7):
 def new generation   total 112256K, used 107414K [0x94600000, 0x9bfc0000, 0x9f0a0000)
  eden space 99840K, 100% used [0x94600000, 0x9a780000, 0x9a780000)
  from space 12416K,  61% used [0x9b3a0000, 0x9bb05848, 0x9bfc0000)
  to   space 12416K,   0% used [0x9a780000, 0x9a780000, 0x9b3a0000)
 tenured generation   total 249256K, used 202516K [0x9f0a0000, 0xae40a000, 0xb4600000)
   the space 249256K,  81% used [0x9f0a0000, 0xab665098, 0xab665200, 0xae40a000)
 Metaspace       used 23799K, capacity 24094K, committed 24192K, reserved 24880K
Event: 24138.207 GC heap after
Heap after GC invocations=9831 (full 7):
 def new generation   total 112256K, used 5162K [0x94600000, 0x9bfc0000, 0x9f0a0000)
  eden space 99840K,   0% used [0x94600000, 0x94600000, 0x9a780000)
  from space 12416K,  41% used [0x9a780000, 0x9ac8ab58, 0x9b3a0000)
  to   space 12416K,   0% used [0x9b3a0000, 0x9b3a0000, 0x9bfc0000)
 tenured generation   total 249256K, used 202526K [0x9f0a0000, 0xae40a000, 0xb4600000)
   the space 249256K,  81% used [0x9f0a0000, 0xab667960, 0xab667a00, 0xae40a000)
 Metaspace       used 23799K, capacity 24094K, committed 24192K, reserved 24880K
}
Event: 24151.412 GC heap before
{Heap before GC invocations=9831 (full 7):
 def new generation   total 112256K, used 105002K [0x94600000, 0x9bfc0000, 0x9f0a0000)
  eden space 99840K, 100% used [0x94600000, 0x9a780000, 0x9a780000)
  from space 12416K,  41% used [0x9a780000, 0x9ac8ab58, 0x9b3a0000)
  to   space 12416K,   0% used [0x9b3a0000, 0x9b3a0000, 0x9bfc0000)
 tenured generation   total 249256K, used 202526K [0x9f0a0000, 0xae40a000, 0xb4600000)
   the space 249256K,  81% used [0x9f0a0000, 0xab667960, 0xab667a00, 0xae40a000)
 Metaspace       used 23799K, capacity 24094K, committed 24192K, reserved 24880K
Event: 24151.423 GC heap after
Heap after GC invocations=9832 (full 7):
 def new generation   total 112256K, used 5620K [0x94600000, 0x9bfc0000, 0x9f0a0000)
  eden space 99840K,   0% used [0x94600000, 0x94600000, 0x9a780000)
  from space 12416K,  45% used [0x9b3a0000, 0x9b91d370, 0x9bfc0000)
  to   space 12416K,   0% used [0x9a780000, 0x9a780000, 0x9b3a0000)
 tenured generation   total 249256K, used 202526K [0x9f0a0000, 0xae40a000, 0xb4600000)
   the space 249256K,  81% used [0x9f0a0000, 0xab667960, 0xab667a00, 0xae40a000)
 Metaspace       used 23799K, capacity 24094K, committed 24192K, reserved 24880K
}
Event: 24184.062 GC heap before
{Heap before GC invocations=9832 (full 7):
 def new generation   total 112256K, used 105460K [0x94600000, 0x9bfc0000, 0x9f0a0000)
  eden space 99840K, 100% used [0x94600000, 0x9a780000, 0x9a780000)
  from space 12416K,  45% used [0x9b3a0000, 0x9b91d370, 0x9bfc0000)
  to   space 12416K,   0% used [0x9a780000, 0x9a780000, 0x9b3a0000)
 tenured generation   total 249256K, used 202526K [0x9f0a0000, 0xae40a000, 0xb4600000)
   the space 249256K,  81% used [0x9f0a0000, 0xab667960, 0xab667a00, 0xae40a000)
 Metaspace       used 23799K, capacity 24094K, committed 24192K, reserved 24880K
Event: 24184.106 GC heap after
Heap after GC invocations=9833 (full 7):
 def new generation   total 112256K, used 9129K [0x94600000, 0x9bfc0000, 0x9f0a0000)
  eden space 99840K,   0% used [0x94600000, 0x94600000, 0x9a780000)
  from space 12416K,  73% used [0x9a780000, 0x9b06a720, 0x9b3a0000)
  to   space 12416K,   0% used [0x9b3a0000, 0x9b3a0000, 0x9bfc0000)
 tenured generation   total 249256K, used 202526K [0x9f0a0000, 0xae40a000, 0xb4600000)
   the space 249256K,  81% used [0x9f0a0000, 0xab667960, 0xab667a00, 0xae40a000)
 Metaspace       used 23799K, capacity 24094K, committed 24192K, reserved 24880K
}
Event: 24208.935 GC heap before
{Heap before GC invocations=9833 (full 7):
 def new generation   total 112256K, used 108969K [0x94600000, 0x9bfc0000, 0x9f0a0000)
  eden space 99840K, 100% used [0x94600000, 0x9a780000, 0x9a780000)
  from space 12416K,  73% used [0x9a780000, 0x9b06a720, 0x9b3a0000)
  to   space 12416K,   0% used [0x9b3a0000, 0x9b3a0000, 0x9bfc0000)
 tenured generation   total 249256K, used 202526K [0x9f0a0000, 0xae40a000, 0xb4600000)
   the space 249256K,  81% used [0x9f0a0000, 0xab667960, 0xab667a00, 0xae40a000)
 Metaspace       used 23799K, capacity 24094K, committed 24192K, reserved 24880K
Event: 24212.534 GC heap after
Heap after GC invocations=9834 (full 7):
 def new generation   total 112256K, used 5938K [0x94600000, 0x9bfc0000, 0x9f0a0000)
  eden space 99840K,   0% used [0x94600000, 0x94600000, 0x9a780000)
  from space 12416K,  47% used [0x9b3a0000, 0x9b96c948, 0x9bfc0000)
  to   space 12416K,   0% used [0x9a780000, 0x9a780000, 0x9b3a0000)
 tenured generation   total 249256K, used 205152K [0x9f0a0000, 0xae40a000, 0xb4600000)
   the space 249256K,  82% used [0x9f0a0000, 0xab8f8028, 0xab8f8200, 0xae40a000)
 Metaspace       used 23799K, capacity 24094K, committed 24192K, reserved 24880K
}
Event: 24270.413 GC heap before
{Heap before GC invocations=9834 (full 7):
 def new generation   total 112256K, used 105778K [0x94600000, 0x9bfc0000, 0x9f0a0000)
  eden space 99840K, 100% used [0x94600000, 0x9a780000, 0x9a780000)
  from space 12416K,  47% used [0x9b3a0000, 0x9b96c948, 0x9bfc0000)
  to   space 12416K,   0% used [0x9a780000, 0x9a780000, 0x9b3a0000)
 tenured generation   total 249256K, used 205152K [0x9f0a0000, 0xae40a000, 0xb4600000)
   the space 249256K,  82% used [0x9f0a0000, 0xab8f8028, 0xab8f8200, 0xae40a000)
 Metaspace       used 23799K, capacity 24094K, committed 24192K, reserved 24880K
Event: 24270.530 GC heap after
Heap after GC invocations=9835 (full 7):
 def new generation   total 112256K, used 7521K [0x94600000, 0x9bfc0000, 0x9f0a0000)
  eden space 99840K,   0% used [0x94600000, 0x94600000, 0x9a780000)
  from space 12416K,  60% used [0x9a780000, 0x9aed87b8, 0x9b3a0000)
  to   space 12416K,   0% used [0x9b3a0000, 0x9b3a0000, 0x9bfc0000)
 tenured generation   total 249256K, used 205152K [0x9f0a0000, 0xae40a000, 0xb4600000)
   the space 249256K,  82% used [0x9f0a0000, 0xab8f8028, 0xab8f8200, 0xae40a000)
 Metaspace       used 23799K, capacity 24094K, committed 24192K, reserved 24880K
}

