# JRE version: Java(TM) SE Runtime Environment (8.0_131-b11) (build 1.8.0_131-b11)
# Java VM: Java HotSpot(TM) Client VM (25.131-b11 mixed mode linux-x86 )
Heap:
 def new generation   total 103296K, used 91747K [0x94600000, 0x9b610000, 0x9f0a0000)
  eden space 91840K,  92% used [0x94600000, 0x9988dc90, 0x99fb0000)
  from space 11456K,  62% used [0x99fb0000, 0x9a6bb220, 0x9aae0000)
  to   space 11456K,   0% used [0x9aae0000, 0x9aae0000, 0x9b610000)
 tenured generation   total 229376K, used 203289K [0x9f0a0000, 0xad0a0000, 0xb4600000)
   the space 229376K,  88% used [0x9f0a0000, 0xab7264d8, 0xab726600, 0xad0a0000)
 Metaspace       used 25373K, capacity 25638K, committed 25728K, reserved 25904K
GC Heap History (10 events):
Event: 64155.330 GC heap before
{Heap before GC invocations=859 (full 3):
 def new generation   total 103296K, used 98639K [0x94600000, 0x9b610000, 0x9f0a0000)
  eden space 91840K, 100% used [0x94600000, 0x99fb0000, 0x99fb0000)
  from space 11456K,  59% used [0x9aae0000, 0x9b183e80, 0x9b610000)
  to   space 11456K,   0% used [0x99fb0000, 0x99fb0000, 0x9aae0000)
 tenured generation   total 229376K, used 203278K [0x9f0a0000, 0xad0a0000, 0xb4600000)
   the space 229376K,  88% used [0x9f0a0000, 0xab723998, 0xab723a00, 0xad0a0000)
 Metaspace       used 25368K, capacity 25638K, committed 25728K, reserved 25904K
Event: 64155.364 GC heap after
Heap after GC invocations=860 (full 3):
 def new generation   total 103296K, used 4134K [0x94600000, 0x9b610000, 0x9f0a0000)
  eden space 91840K,   0% used [0x94600000, 0x94600000, 0x99fb0000)
  from space 11456K,  36% used [0x99fb0000, 0x9a3b9ad0, 0x9aae0000)
  to   space 11456K,   0% used [0x9aae0000, 0x9aae0000, 0x9b610000)
 tenured generation   total 229376K, used 203288K [0x9f0a0000, 0xad0a0000, 0xb4600000)
   the space 229376K,  88% used [0x9f0a0000, 0xab7262d0, 0xab726400, 0xad0a0000)
 Metaspace       used 25368K, capacity 25638K, committed 25728K, reserved 25904K
}
Event: 64158.579 GC heap before
{Heap before GC invocations=860 (full 3):
 def new generation   total 103296K, used 95974K [0x94600000, 0x9b610000, 0x9f0a0000)
  eden space 91840K, 100% used [0x94600000, 0x99fb0000, 0x99fb0000)
  from space 11456K,  36% used [0x99fb0000, 0x9a3b9ad0, 0x9aae0000)
  to   space 11456K,   0% used [0x9aae0000, 0x9aae0000, 0x9b610000)
 tenured generation   total 229376K, used 203288K [0x9f0a0000, 0xad0a0000, 0xb4600000)
   the space 229376K,  88% used [0x9f0a0000, 0xab7262d0, 0xab726400, 0xad0a0000)
 Metaspace       used 25368K, capacity 25638K, committed 25728K, reserved 25904K
Event: 64158.648 GC heap after
Heap after GC invocations=861 (full 3):
 def new generation   total 103296K, used 6260K [0x94600000, 0x9b610000, 0x9f0a0000)
  eden space 91840K,   0% used [0x94600000, 0x94600000, 0x99fb0000)
  from space 11456K,  54% used [0x9aae0000, 0x9b0fd1c0, 0x9b610000)
  to   space 11456K,   0% used [0x99fb0000, 0x99fb0000, 0x9aae0000)
 tenured generation   total 229376K, used 203288K [0x9f0a0000, 0xad0a0000, 0xb4600000)
   the space 229376K,  88% used [0x9f0a0000, 0xab7262d0, 0xab726400, 0xad0a0000)
 Metaspace       used 25368K, capacity 25638K, committed 25728K, reserved 25904K
}
Event: 64159.111 GC heap before
{Heap before GC invocations=861 (full 3):
 def new generation   total 103296K, used 98100K [0x94600000, 0x9b610000, 0x9f0a0000)
  eden space 91840K, 100% used [0x94600000, 0x99fb0000, 0x99fb0000)
  from space 11456K,  54% used [0x9aae0000, 0x9b0fd1c0, 0x9b610000)
  to   space 11456K,   0% used [0x99fb0000, 0x99fb0000, 0x9aae0000)
 tenured generation   total 229376K, used 203288K [0x9f0a0000, 0xad0a0000, 0xb4600000)
   the space 229376K,  88% used [0x9f0a0000, 0xab7262d0, 0xab726400, 0xad0a0000)
 Metaspace       used 25368K, capacity 25638K, committed 25728K, reserved 25904K
Event: 64159.133 GC heap after
Heap after GC invocations=862 (full 3):
 def new generation   total 103296K, used 4385K [0x94600000, 0x9b610000, 0x9f0a0000)
  eden space 91840K,   0% used [0x94600000, 0x94600000, 0x99fb0000)
  from space 11456K,  38% used [0x99fb0000, 0x9a3f8650, 0x9aae0000)
  to   space 11456K,   0% used [0x9aae0000, 0x9aae0000, 0x9b610000)
 tenured generation   total 229376K, used 203289K [0x9f0a0000, 0xad0a0000, 0xb4600000)
   the space 229376K,  88% used [0x9f0a0000, 0xab7264d8, 0xab726600, 0xad0a0000)
 Metaspace       used 25368K, capacity 25638K, committed 25728K, reserved 25904K
}
Event: 64161.358 GC heap before
{Heap before GC invocations=862 (full 3):
 def new generation   total 103296K, used 96225K [0x94600000, 0x9b610000, 0x9f0a0000)
  eden space 91840K, 100% used [0x94600000, 0x99fb0000, 0x99fb0000)
  from space 11456K,  38% used [0x99fb0000, 0x9a3f8650, 0x9aae0000)
  to   space 11456K,   0% used [0x9aae0000, 0x9aae0000, 0x9b610000)
 tenured generation   total 229376K, used 203289K [0x9f0a0000, 0xad0a0000, 0xb4600000)
   the space 229376K,  88% used [0x9f0a0000, 0xab7264d8, 0xab726600, 0xad0a0000)
 Metaspace       used 25373K, capacity 25638K, committed 25728K, reserved 25904K
Event: 64161.451 GC heap after
Heap after GC invocations=863 (full 3):
 def new generation   total 103296K, used 5064K [0x94600000, 0x9b610000, 0x9f0a0000)
  eden space 91840K,   0% used [0x94600000, 0x94600000, 0x99fb0000)
  from space 11456K,  44% used [0x9aae0000, 0x9afd22b0, 0x9b610000)
  to   space 11456K,   0% used [0x99fb0000, 0x99fb0000, 0x9aae0000)
 tenured generation   total 229376K, used 203289K [0x9f0a0000, 0xad0a0000, 0xb4600000)
   the space 229376K,  88% used [0x9f0a0000, 0xab7264d8, 0xab726600, 0xad0a0000)
 Metaspace       used 25373K, capacity 25638K, committed 25728K, reserved 25904K
}
Event: 64163.633 GC heap before
{Heap before GC invocations=863 (full 3):
 def new generation   total 103296K, used 96904K [0x94600000, 0x9b610000, 0x9f0a0000)
  eden space 91840K, 100% used [0x94600000, 0x99fb0000, 0x99fb0000)
  from space 11456K,  44% used [0x9aae0000, 0x9afd22b0, 0x9b610000)
  to   space 11456K,   0% used [0x99fb0000, 0x99fb0000, 0x9aae0000)
 tenured generation   total 229376K, used 203289K [0x9f0a0000, 0xad0a0000, 0xb4600000)
   the space 229376K,  88% used [0x9f0a0000, 0xab7264d8, 0xab726600, 0xad0a0000)
 Metaspace       used 25373K, capacity 25638K, committed 25728K, reserved 25904K
Event: 64163.647 GC heap after
Heap after GC invocations=864 (full 3):
 def new generation   total 103296K, used 7212K [0x94600000, 0x9b610000, 0x9f0a0000)
  eden space 91840K,   0% used [0x94600000, 0x94600000, 0x99fb0000)
  from space 11456K,  62% used [0x99fb0000, 0x9a6bb220, 0x9aae0000)
  to   space 11456K,   0% used [0x9aae0000, 0x9aae0000, 0x9b610000)
 tenured generation   total 229376K, used 203289K [0x9f0a0000, 0xad0a0000, 0xb4600000)
   the space 229376K,  88% used [0x9f0a0000, 0xab7264d8, 0xab726600, 0xad0a0000)
 Metaspace       used 25373K, capacity 25638K, committed 25728K, reserved 25904K
}

